# JRE version: OpenJDK Runtime Environment (17.0.6) (build 17.0.6+0-b2043.56-10027231)
# Java VM: OpenJDK 64-Bit Server VM (17.0.6+0-b2043.56-10027231, mixed mode, tiered, compressed oops, compressed class ptrs, g1 gc, windows-amd64)
GC Precious Log:
 CPUs: 12 total, 12 available
 Memory: 14188M
 Large Page Support: Disabled
 NUMA Support: Disabled
 Compressed Oops: Enabled (32-bit)
 Heap Region Size: 1M
 Heap Min Capacity: 8M
 Heap Initial Capacity: 222M
 Heap Max Capacity: 2G
 Pre-touch: Disabled
 Parallel Workers: 10
 Concurrent Workers: 3
 Concurrent Refinement Workers: 10
 Periodic GC: Disabled
Heap:
 garbage-first heap   total 247808K, used 185256K [0x0000000080000000, 0x0000000100000000)
  region size 1024K, 5 young (5120K), 5 survivors (5120K)
 Metaspace       used 101739K, committed 102464K, reserved 1138688K
  class space    used 14042K, committed 14400K, reserved 1048576K
GC Heap History (20 events):
Event: 6.051 GC heap after
{Heap after GC invocations=21 (full 0):
 garbage-first heap   total 228352K, used 54458K [0x0000000080000000, 0x0000000100000000)
  region size 1024K, 4 young (4096K), 4 survivors (4096K)
 Metaspace       used 65068K, committed 65664K, reserved 1105920K
  class space    used 8611K, committed 8896K, reserved 1048576K
}
Event: 6.964 GC heap before
{Heap before GC invocations=21 (full 0):
 garbage-first heap   total 228352K, used 143546K [0x0000000080000000, 0x0000000100000000)
  region size 1024K, 89 young (91136K), 4 survivors (4096K)
 Metaspace       used 74025K, committed 74560K, reserved 1114112K
  class space    used 9789K, committed 10048K, reserved 1048576K
}
Event: 6.971 GC heap after
{Heap after GC invocations=22 (full 0):
 garbage-first heap   total 228352K, used 55914K [0x0000000080000000, 0x0000000100000000)
  region size 1024K, 8 young (8192K), 8 survivors (8192K)
 Metaspace       used 74025K, committed 74560K, reserved 1114112K
  class space    used 9789K, committed 10048K, reserved 1048576K
}
Event: 8.130 GC heap before
{Heap before GC invocations=22 (full 0):
 garbage-first heap   total 228352K, used 155242K [0x0000000080000000, 0x0000000100000000)
  region size 1024K, 105 young (107520K), 8 survivors (8192K)
 Metaspace       used 85192K, committed 85760K, reserved 1130496K
  class space    used 11597K, committed 11840K, reserved 1048576K
}
Event: 8.138 GC heap after
{Heap after GC invocations=23 (full 0):
 garbage-first heap   total 228352K, used 61884K [0x0000000080000000, 0x0000000100000000)
  region size 1024K, 13 young (13312K), 13 survivors (13312K)
 Metaspace       used 85192K, committed 85760K, reserved 1130496K
  class space    used 11597K, committed 11840K, reserved 1048576K
}
Event: 9.047 GC heap before
{Heap before GC invocations=23 (full 0):
 garbage-first heap   total 228352K, used 166332K [0x0000000080000000, 0x0000000100000000)
  region size 1024K, 115 young (117760K), 13 survivors (13312K)
 Metaspace       used 92263K, committed 92928K, reserved 1130496K
  class space    used 12482K, committed 12800K, reserved 1048576K
}
Event: 9.060 GC heap after
{Heap after GC invocations=24 (full 0):
 garbage-first heap   total 228352K, used 75292K [0x0000000080000000, 0x0000000100000000)
  region size 1024K, 15 young (15360K), 15 survivors (15360K)
 Metaspace       used 92263K, committed 92928K, reserved 1130496K
  class space    used 12482K, committed 12800K, reserved 1048576K
}
Event: 9.565 GC heap before
{Heap before GC invocations=24 (full 0):
 garbage-first heap   total 228352K, used 167452K [0x0000000080000000, 0x0000000100000000)
  region size 1024K, 106 young (108544K), 15 survivors (15360K)
 Metaspace       used 93736K, committed 94336K, reserved 1130496K
  class space    used 12754K, committed 13056K, reserved 1048576K
}
Event: 9.573 GC heap after
{Heap after GC invocations=25 (full 0):
 garbage-first heap   total 228352K, used 84899K [0x0000000080000000, 0x0000000100000000)
  region size 1024K, 9 young (9216K), 9 survivors (9216K)
 Metaspace       used 93736K, committed 94336K, reserved 1130496K
  class space    used 12754K, committed 13056K, reserved 1048576K
}
Event: 10.017 GC heap before
{Heap before GC invocations=25 (full 0):
 garbage-first heap   total 228352K, used 184227K [0x0000000080000000, 0x0000000100000000)
  region size 1024K, 96 young (98304K), 9 survivors (9216K)
 Metaspace       used 96269K, committed 96896K, reserved 1138688K
  class space    used 13077K, committed 13376K, reserved 1048576K
}
Event: 10.023 GC heap after
{Heap after GC invocations=26 (full 0):
 garbage-first heap   total 228352K, used 106505K [0x0000000080000000, 0x0000000100000000)
  region size 1024K, 11 young (11264K), 11 survivors (11264K)
 Metaspace       used 96269K, committed 96896K, reserved 1138688K
  class space    used 13077K, committed 13376K, reserved 1048576K
}
Event: 10.133 GC heap before
{Heap before GC invocations=26 (full 0):
 garbage-first heap   total 228352K, used 121865K [0x0000000080000000, 0x0000000100000000)
  region size 1024K, 21 young (21504K), 11 survivors (11264K)
 Metaspace       used 98714K, committed 99456K, reserved 1138688K
  class space    used 13434K, committed 13824K, reserved 1048576K
}
Event: 10.137 GC heap after
{Heap after GC invocations=27 (full 0):
 garbage-first heap   total 228352K, used 111970K [0x0000000080000000, 0x0000000100000000)
  region size 1024K, 3 young (3072K), 3 survivors (3072K)
 Metaspace       used 98714K, committed 99456K, reserved 1138688K
  class space    used 13434K, committed 13824K, reserved 1048576K
}
Event: 10.458 GC heap before
{Heap before GC invocations=28 (full 0):
 garbage-first heap   total 247808K, used 205154K [0x0000000080000000, 0x0000000100000000)
  region size 1024K, 71 young (72704K), 3 survivors (3072K)
 Metaspace       used 101508K, committed 102208K, reserved 1138688K
  class space    used 14041K, committed 14400K, reserved 1048576K
}
Event: 10.469 GC heap after
{Heap after GC invocations=29 (full 0):
 garbage-first heap   total 247808K, used 143515K [0x0000000080000000, 0x0000000100000000)
  region size 1024K, 9 young (9216K), 9 survivors (9216K)
 Metaspace       used 101508K, committed 102208K, reserved 1138688K
  class space    used 14041K, committed 14400K, reserved 1048576K
}
Event: 10.478 GC heap before
{Heap before GC invocations=29 (full 0):
 garbage-first heap   total 247808K, used 146587K [0x0000000080000000, 0x0000000100000000)
  region size 1024K, 12 young (12288K), 9 survivors (9216K)
 Metaspace       used 101527K, committed 102272K, reserved 1138688K
  class space    used 14041K, committed 14400K, reserved 1048576K
}
Event: 10.484 GC heap after
{Heap after GC invocations=30 (full 0):
 garbage-first heap   total 247808K, used 146264K [0x0000000080000000, 0x0000000100000000)
  region size 1024K, 2 young (2048K), 2 survivors (2048K)
 Metaspace       used 101527K, committed 102272K, reserved 1138688K
  class space    used 14041K, committed 14400K, reserved 1048576K
}
Event: 10.563 GC heap before
{Heap before GC invocations=30 (full 0):
 garbage-first heap   total 247808K, used 194392K [0x0000000080000000, 0x0000000100000000)
  region size 1024K, 49 young (50176K), 2 survivors (2048K)
 Metaspace       used 101674K, committed 102400K, reserved 1138688K
  class space    used 14042K, committed 14400K, reserved 1048576K
}
Event: 10.573 GC heap after
{Heap after GC invocations=31 (full 0):
 garbage-first heap   total 247808K, used 169984K [0x0000000080000000, 0x0000000100000000)
  region size 1024K, 7 young (7168K), 7 survivors (7168K)
 Metaspace       used 101674K, committed 102400K, reserved 1138688K
  class space    used 14042K, committed 14400K, reserved 1048576K
}
Event: 10.623 GC heap before
{Heap before GC invocations=31 (full 0):
 garbage-first heap   total 247808K, used 196608K [0x0000000080000000, 0x0000000100000000)
  region size 1024K, 34 young (34816K), 7 survivors (7168K)
 Metaspace       used 101739K, committed 102464K, reserved 1138688K
  class space    used 14042K, committed 14400K, reserved 1048576K
}

