# JRE version: OpenJDK Runtime Environment (17.0.6) (build 17.0.6+0-b2043.56-10027231)
# Java VM: OpenJDK 64-Bit Server VM (17.0.6+0-b2043.56-10027231, mixed mode, tiered, compressed oops, compressed class ptrs, g1 gc, windows-amd64)
GC Precious Log:
 CPUs: 12 total, 12 available
 Memory: 14188M
 Large Page Support: Disabled
 NUMA Support: Disabled
 Compressed Oops: Enabled (32-bit)
 Heap Region Size: 1M
 Heap Min Capacity: 8M
 Heap Initial Capacity: 222M
 Heap Max Capacity: 2G
 Pre-touch: Disabled
 Parallel Workers: 10
 Concurrent Workers: 3
 Concurrent Refinement Workers: 10
 Periodic GC: Disabled
Heap:
 garbage-first heap   total 162816K, used 130061K [0x0000000080000000, 0x0000000100000000)
  region size 1024K, 37 young (37888K), 2 survivors (2048K)
 Metaspace       used 85439K, committed 86080K, reserved 1130496K
  class space    used 11502K, committed 11776K, reserved 1048576K
GC Heap History (20 events):
Event: 9.142 GC heap before
{Heap before GC invocations=25 (full 0):
 garbage-first heap   total 121856K, used 98114K [0x0000000080000000, 0x0000000100000000)
  region size 1024K, 27 young (27648K), 1 survivors (1024K)
 Metaspace       used 55977K, committed 56576K, reserved 1105920K
  class space    used 7543K, committed 7808K, reserved 1048576K
}
Event: 9.144 GC heap after
{Heap after GC invocations=26 (full 0):
 garbage-first heap   total 121856K, used 73318K [0x0000000080000000, 0x0000000100000000)
  region size 1024K, 3 young (3072K), 3 survivors (3072K)
 Metaspace       used 55977K, committed 56576K, reserved 1105920K
  class space    used 7543K, committed 7808K, reserved 1048576K
}
Event: 9.438 GC heap before
{Heap before GC invocations=27 (full 0):
 garbage-first heap   total 133120K, used 103014K [0x0000000080000000, 0x0000000100000000)
  region size 1024K, 29 young (29696K), 3 survivors (3072K)
 Metaspace       used 56643K, committed 57280K, reserved 1105920K
  class space    used 7626K, committed 7936K, reserved 1048576K
}
Event: 9.441 GC heap after
{Heap after GC invocations=28 (full 0):
 garbage-first heap   total 133120K, used 81562K [0x0000000080000000, 0x0000000100000000)
  region size 1024K, 4 young (4096K), 4 survivors (4096K)
 Metaspace       used 56643K, committed 57280K, reserved 1105920K
  class space    used 7626K, committed 7936K, reserved 1048576K
}
Event: 9.455 GC heap before
{Heap before GC invocations=28 (full 0):
 garbage-first heap   total 133120K, used 82586K [0x0000000080000000, 0x0000000100000000)
  region size 1024K, 6 young (6144K), 4 survivors (4096K)
 Metaspace       used 56830K, committed 57472K, reserved 1105920K
  class space    used 7649K, committed 7936K, reserved 1048576K
}
Event: 9.457 GC heap after
{Heap after GC invocations=29 (full 0):
 garbage-first heap   total 159744K, used 82141K [0x0000000080000000, 0x0000000100000000)
  region size 1024K, 1 young (1024K), 1 survivors (1024K)
 Metaspace       used 56830K, committed 57472K, reserved 1105920K
  class space    used 7649K, committed 7936K, reserved 1048576K
}
Event: 9.845 GC heap before
{Heap before GC invocations=29 (full 0):
 garbage-first heap   total 159744K, used 123101K [0x0000000080000000, 0x0000000100000000)
  region size 1024K, 41 young (41984K), 1 survivors (1024K)
 Metaspace       used 63130K, committed 63744K, reserved 1105920K
  class space    used 8391K, committed 8640K, reserved 1048576K
}
Event: 9.847 GC heap after
{Heap after GC invocations=30 (full 0):
 garbage-first heap   total 159744K, used 83476K [0x0000000080000000, 0x0000000100000000)
  region size 1024K, 2 young (2048K), 2 survivors (2048K)
 Metaspace       used 63130K, committed 63744K, reserved 1105920K
  class space    used 8391K, committed 8640K, reserved 1048576K
}
Event: 10.317 GC heap before
{Heap before GC invocations=31 (full 0):
 garbage-first heap   total 159744K, used 133652K [0x0000000080000000, 0x0000000100000000)
  region size 1024K, 45 young (46080K), 2 survivors (2048K)
 Metaspace       used 68676K, committed 69312K, reserved 1114112K
  class space    used 9138K, committed 9408K, reserved 1048576K
}
Event: 10.321 GC heap after
{Heap after GC invocations=32 (full 0):
 garbage-first heap   total 159744K, used 87777K [0x0000000080000000, 0x0000000100000000)
  region size 1024K, 6 young (6144K), 6 survivors (6144K)
 Metaspace       used 68676K, committed 69312K, reserved 1114112K
  class space    used 9138K, committed 9408K, reserved 1048576K
}
Event: 10.332 GC heap before
{Heap before GC invocations=32 (full 0):
 garbage-first heap   total 159744K, used 87777K [0x0000000080000000, 0x0000000100000000)
  region size 1024K, 7 young (7168K), 6 survivors (6144K)
 Metaspace       used 68783K, committed 69504K, reserved 1114112K
  class space    used 9154K, committed 9472K, reserved 1048576K
}
Event: 10.336 GC heap after
{Heap after GC invocations=33 (full 0):
 garbage-first heap   total 159744K, used 87924K [0x0000000080000000, 0x0000000100000000)
  region size 1024K, 1 young (1024K), 1 survivors (1024K)
 Metaspace       used 68783K, committed 69504K, reserved 1114112K
  class space    used 9154K, committed 9472K, reserved 1048576K
}
Event: 10.745 GC heap before
{Heap before GC invocations=33 (full 0):
 garbage-first heap   total 159744K, used 126836K [0x0000000080000000, 0x0000000100000000)
  region size 1024K, 39 young (39936K), 1 survivors (1024K)
 Metaspace       used 72791K, committed 73408K, reserved 1114112K
  class space    used 9707K, committed 9984K, reserved 1048576K
}
Event: 10.748 GC heap after
{Heap after GC invocations=34 (full 0):
 garbage-first heap   total 159744K, used 89755K [0x0000000080000000, 0x0000000100000000)
  region size 1024K, 3 young (3072K), 3 survivors (3072K)
 Metaspace       used 72791K, committed 73408K, reserved 1114112K
  class space    used 9707K, committed 9984K, reserved 1048576K
}
Event: 11.202 GC heap before
{Heap before GC invocations=35 (full 0):
 garbage-first heap   total 159744K, used 127643K [0x0000000080000000, 0x0000000100000000)
  region size 1024K, 41 young (41984K), 3 survivors (3072K)
 Metaspace       used 76750K, committed 77440K, reserved 1122304K
  class space    used 10203K, committed 10496K, reserved 1048576K
}
Event: 11.206 GC heap after
{Heap after GC invocations=36 (full 0):
 garbage-first heap   total 159744K, used 92638K [0x0000000080000000, 0x0000000100000000)
  region size 1024K, 6 young (6144K), 6 survivors (6144K)
 Metaspace       used 76750K, committed 77440K, reserved 1122304K
  class space    used 10203K, committed 10496K, reserved 1048576K
}
Event: 11.224 GC heap before
{Heap before GC invocations=36 (full 0):
 garbage-first heap   total 159744K, used 93662K [0x0000000080000000, 0x0000000100000000)
  region size 1024K, 7 young (7168K), 6 survivors (6144K)
 Metaspace       used 76896K, committed 77568K, reserved 1122304K
  class space    used 10220K, committed 10496K, reserved 1048576K
}
Event: 11.227 GC heap after
{Heap after GC invocations=37 (full 0):
 garbage-first heap   total 159744K, used 92818K [0x0000000080000000, 0x0000000100000000)
  region size 1024K, 1 young (1024K), 1 survivors (1024K)
 Metaspace       used 76896K, committed 77568K, reserved 1122304K
  class space    used 10220K, committed 10496K, reserved 1048576K
}
Event: 11.623 GC heap before
{Heap before GC invocations=37 (full 0):
 garbage-first heap   total 159744K, used 130706K [0x0000000080000000, 0x0000000100000000)
  region size 1024K, 37 young (37888K), 1 survivors (1024K)
 Metaspace       used 81241K, committed 81920K, reserved 1122304K
  class space    used 11003K, committed 11328K, reserved 1048576K
}
Event: 11.625 GC heap after
{Heap after GC invocations=38 (full 0):
 garbage-first heap   total 159744K, used 94221K [0x0000000080000000, 0x0000000100000000)
  region size 1024K, 2 young (2048K), 2 survivors (2048K)
 Metaspace       used 81241K, committed 81920K, reserved 1122304K
  class space    used 11003K, committed 11328K, reserved 1048576K
}

