# JRE version: OpenJDK Runtime Environment (17.0.6) (build 17.0.6+0-b2043.56-10027231)
# Java VM: OpenJDK 64-Bit Server VM (17.0.6+0-b2043.56-10027231, mixed mode, tiered, compressed oops, compressed class ptrs, g1 gc, windows-amd64)
GC Precious Log:
 CPUs: 12 total, 12 available
 Memory: 14188M
 Large Page Support: Disabled
 NUMA Support: Disabled
 Compressed Oops: Enabled (32-bit)
 Heap Region Size: 1M
 Heap Min Capacity: 8M
 Heap Initial Capacity: 222M
 Heap Max Capacity: 2G
 Pre-touch: Disabled
 Parallel Workers: 10
 Concurrent Workers: 3
 Concurrent Refinement Workers: 10
 Periodic GC: Disabled
Heap:
 garbage-first heap   total 185344K, used 91928K [0x0000000080000000, 0x0000000100000000)
  region size 1024K, 1 young (1024K), 1 survivors (1024K)
 Metaspace       used 72830K, committed 73472K, reserved 1114112K
  class space    used 9709K, committed 9984K, reserved 1048576K
GC Heap History (20 events):
Event: 9.206 GC heap after
{Heap after GC invocations=26 (full 0):
 garbage-first heap   total 144384K, used 74585K [0x0000000080000000, 0x0000000100000000)
  region size 1024K, 4 young (4096K), 4 survivors (4096K)
 Metaspace       used 56233K, committed 56896K, reserved 1105920K
  class space    used 7553K, committed 7872K, reserved 1048576K
}
Event: 9.232 GC heap before
{Heap before GC invocations=27 (full 0):
 garbage-first heap   total 144384K, used 77657K [0x0000000080000000, 0x0000000100000000)
  region size 1024K, 6 young (6144K), 4 survivors (4096K)
 Metaspace       used 56280K, committed 56960K, reserved 1105920K
  class space    used 7560K, committed 7872K, reserved 1048576K
}
Event: 9.234 GC heap after
{Heap after GC invocations=28 (full 0):
 garbage-first heap   total 144384K, used 78025K [0x0000000080000000, 0x0000000100000000)
  region size 1024K, 3 young (3072K), 3 survivors (3072K)
 Metaspace       used 56280K, committed 56960K, reserved 1105920K
  class space    used 7560K, committed 7872K, reserved 1048576K
}
Event: 9.291 GC heap before
{Heap before GC invocations=29 (full 0):
 garbage-first heap   total 144384K, used 83145K [0x0000000080000000, 0x0000000100000000)
  region size 1024K, 9 young (9216K), 3 survivors (3072K)
 Metaspace       used 56573K, committed 57152K, reserved 1105920K
  class space    used 7611K, committed 7872K, reserved 1048576K
}
Event: 9.293 GC heap after
{Heap after GC invocations=30 (full 0):
 garbage-first heap   total 144384K, used 81714K [0x0000000080000000, 0x0000000100000000)
  region size 1024K, 4 young (4096K), 4 survivors (4096K)
 Metaspace       used 56573K, committed 57152K, reserved 1105920K
  class space    used 7611K, committed 7872K, reserved 1048576K
}
Event: 9.509 GC heap before
{Heap before GC invocations=31 (full 0):
 garbage-first heap   total 144384K, used 106290K [0x0000000080000000, 0x0000000100000000)
  region size 1024K, 27 young (27648K), 4 survivors (4096K)
 Metaspace       used 59413K, committed 60032K, reserved 1105920K
  class space    used 7992K, committed 8256K, reserved 1048576K
}
Event: 9.511 GC heap after
{Heap after GC invocations=32 (full 0):
 garbage-first heap   total 144384K, used 83428K [0x0000000080000000, 0x0000000100000000)
  region size 1024K, 3 young (3072K), 3 survivors (3072K)
 Metaspace       used 59413K, committed 60032K, reserved 1105920K
  class space    used 7992K, committed 8256K, reserved 1048576K
}
Event: 9.550 GC heap before
{Heap before GC invocations=32 (full 0):
 garbage-first heap   total 144384K, used 86500K [0x0000000080000000, 0x0000000100000000)
  region size 1024K, 7 young (7168K), 3 survivors (3072K)
 Metaspace       used 60097K, committed 60736K, reserved 1105920K
  class space    used 8069K, committed 8384K, reserved 1048576K
}
Event: 9.552 GC heap after
{Heap after GC invocations=33 (full 0):
 garbage-first heap   total 144384K, used 83150K [0x0000000080000000, 0x0000000100000000)
  region size 1024K, 1 young (1024K), 1 survivors (1024K)
 Metaspace       used 60097K, committed 60736K, reserved 1105920K
  class space    used 8069K, committed 8384K, reserved 1048576K
}
Event: 9.848 GC heap before
{Heap before GC invocations=33 (full 0):
 garbage-first heap   total 144384K, used 106702K [0x0000000080000000, 0x0000000100000000)
  region size 1024K, 24 young (24576K), 1 survivors (1024K)
 Metaspace       used 63969K, committed 64576K, reserved 1105920K
  class space    used 8509K, committed 8768K, reserved 1048576K
}
Event: 9.850 GC heap after
{Heap after GC invocations=34 (full 0):
 garbage-first heap   total 144384K, used 83977K [0x0000000080000000, 0x0000000100000000)
  region size 1024K, 2 young (2048K), 2 survivors (2048K)
 Metaspace       used 63969K, committed 64576K, reserved 1105920K
  class space    used 8509K, committed 8768K, reserved 1048576K
}
Event: 10.095 GC heap before
{Heap before GC invocations=35 (full 0):
 garbage-first heap   total 147456K, used 112649K [0x0000000080000000, 0x0000000100000000)
  region size 1024K, 27 young (27648K), 2 survivors (2048K)
 Metaspace       used 67637K, committed 68352K, reserved 1114112K
  class space    used 8991K, committed 9280K, reserved 1048576K
}
Event: 10.098 GC heap after
{Heap after GC invocations=36 (full 0):
 garbage-first heap   total 147456K, used 91245K [0x0000000080000000, 0x0000000100000000)
  region size 1024K, 4 young (4096K), 4 survivors (4096K)
 Metaspace       used 67637K, committed 68352K, reserved 1114112K
  class space    used 8991K, committed 9280K, reserved 1048576K
}
Event: 10.103 GC heap before
{Heap before GC invocations=36 (full 0):
 garbage-first heap   total 147456K, used 96365K [0x0000000080000000, 0x0000000100000000)
  region size 1024K, 7 young (7168K), 4 survivors (4096K)
 Metaspace       used 67637K, committed 68352K, reserved 1114112K
  class space    used 8991K, committed 9280K, reserved 1048576K
}
Event: 10.106 GC heap after
{Heap after GC invocations=37 (full 0):
 garbage-first heap   total 147456K, used 93892K [0x0000000080000000, 0x0000000100000000)
  region size 1024K, 1 young (1024K), 1 survivors (1024K)
 Metaspace       used 67637K, committed 68352K, reserved 1114112K
  class space    used 8991K, committed 9280K, reserved 1048576K
}
Event: 10.373 GC heap before
{Heap before GC invocations=37 (full 0):
 garbage-first heap   total 147456K, used 116420K [0x0000000080000000, 0x0000000100000000)
  region size 1024K, 23 young (23552K), 1 survivors (1024K)
 Metaspace       used 69846K, committed 70528K, reserved 1114112K
  class space    used 9282K, committed 9600K, reserved 1048576K
}
Event: 10.375 GC heap after
{Heap after GC invocations=38 (full 0):
 garbage-first heap   total 147456K, used 94736K [0x0000000080000000, 0x0000000100000000)
  region size 1024K, 2 young (2048K), 2 survivors (2048K)
 Metaspace       used 69846K, committed 70528K, reserved 1114112K
  class space    used 9282K, committed 9600K, reserved 1048576K
}
Event: 10.601 GC heap before
{Heap before GC invocations=39 (full 0):
 garbage-first heap   total 158720K, used 115216K [0x0000000080000000, 0x0000000100000000)
  region size 1024K, 25 young (25600K), 2 survivors (2048K)
 Metaspace       used 72432K, committed 73024K, reserved 1114112K
  class space    used 9649K, committed 9920K, reserved 1048576K
}
Event: 10.604 GC heap after
{Heap after GC invocations=40 (full 0):
 garbage-first heap   total 158720K, used 91942K [0x0000000080000000, 0x0000000100000000)
  region size 1024K, 4 young (4096K), 4 survivors (4096K)
 Metaspace       used 72432K, committed 73024K, reserved 1114112K
  class space    used 9649K, committed 9920K, reserved 1048576K
}
Event: 10.629 GC heap before
{Heap before GC invocations=40 (full 0):
 garbage-first heap   total 158720K, used 93990K [0x0000000080000000, 0x0000000100000000)
  region size 1024K, 7 young (7168K), 4 survivors (4096K)
 Metaspace       used 72830K, committed 73472K, reserved 1114112K
  class space    used 9709K, committed 9984K, reserved 1048576K
}

