# JRE version: OpenJDK Runtime Environment (17.0.6) (build 17.0.6+0-b2043.56-10027231)
# Java VM: OpenJDK 64-Bit Server VM (17.0.6+0-b2043.56-10027231, mixed mode, tiered, compressed oops, compressed class ptrs, g1 gc, windows-amd64)
GC Precious Log:
 CPUs: 12 total, 12 available
 Memory: 14188M
 Large Page Support: Disabled
 NUMA Support: Disabled
 Compressed Oops: Enabled (32-bit)
 Heap Region Size: 1M
 Heap Min Capacity: 8M
 Heap Initial Capacity: 222M
 Heap Max Capacity: 2G
 Pre-touch: Disabled
 Parallel Workers: 10
 Concurrent Workers: 3
 Concurrent Refinement Workers: 10
 Periodic GC: Disabled
Heap:
 garbage-first heap   total 184320K, used 74463K [0x0000000080000000, 0x0000000100000000)
  region size 1024K, 2 young (2048K), 2 survivors (2048K)
 Metaspace       used 56006K, committed 56576K, reserved 1105920K
  class space    used 7548K, committed 7808K, reserved 1048576K
GC Heap History (20 events):
Event: 6.599 GC heap after
{Heap after GC invocations=13 (full 0):
 garbage-first heap   total 89088K, used 54721K [0x0000000080000000, 0x0000000100000000)
  region size 1024K, 3 young (3072K), 3 survivors (3072K)
 Metaspace       used 41234K, committed 41600K, reserved 1089536K
  class space    used 5541K, committed 5696K, reserved 1048576K
}
Event: 6.744 GC heap before
{Heap before GC invocations=14 (full 0):
 garbage-first heap   total 96256K, used 70081K [0x0000000080000000, 0x0000000100000000)
  region size 1024K, 18 young (18432K), 3 survivors (3072K)
 Metaspace       used 41681K, committed 42048K, reserved 1089536K
  class space    used 5583K, committed 5760K, reserved 1048576K
}
Event: 6.749 GC heap after
{Heap after GC invocations=15 (full 0):
 garbage-first heap   total 115712K, used 57383K [0x0000000080000000, 0x0000000100000000)
  region size 1024K, 3 young (3072K), 3 survivors (3072K)
 Metaspace       used 41681K, committed 42048K, reserved 1089536K
  class space    used 5583K, committed 5760K, reserved 1048576K
}
Event: 6.875 GC heap before
{Heap before GC invocations=15 (full 0):
 garbage-first heap   total 115712K, used 65575K [0x0000000080000000, 0x0000000100000000)
  region size 1024K, 13 young (13312K), 3 survivors (3072K)
 Metaspace       used 42147K, committed 42560K, reserved 1089536K
  class space    used 5628K, committed 5824K, reserved 1048576K
}
Event: 6.878 GC heap after
{Heap after GC invocations=16 (full 0):
 garbage-first heap   total 115712K, used 58540K [0x0000000080000000, 0x0000000100000000)
  region size 1024K, 2 young (2048K), 2 survivors (2048K)
 Metaspace       used 42147K, committed 42560K, reserved 1089536K
  class space    used 5628K, committed 5824K, reserved 1048576K
}
Event: 7.577 GC heap before
{Heap before GC invocations=17 (full 0):
 garbage-first heap   total 115712K, used 90284K [0x0000000080000000, 0x0000000100000000)
  region size 1024K, 30 young (30720K), 2 survivors (2048K)
 Metaspace       used 46542K, committed 46976K, reserved 1089536K
  class space    used 6191K, committed 6400K, reserved 1048576K
}
Event: 7.581 GC heap after
{Heap after GC invocations=18 (full 0):
 garbage-first heap   total 115712K, used 60036K [0x0000000080000000, 0x0000000100000000)
  region size 1024K, 4 young (4096K), 4 survivors (4096K)
 Metaspace       used 46542K, committed 46976K, reserved 1089536K
  class space    used 6191K, committed 6400K, reserved 1048576K
}
Event: 7.642 GC heap before
{Heap before GC invocations=18 (full 0):
 garbage-first heap   total 115712K, used 62084K [0x0000000080000000, 0x0000000100000000)
  region size 1024K, 7 young (7168K), 4 survivors (4096K)
 Metaspace       used 46607K, committed 47040K, reserved 1089536K
  class space    used 6198K, committed 6400K, reserved 1048576K
}
Event: 7.645 GC heap after
{Heap after GC invocations=19 (full 0):
 garbage-first heap   total 115712K, used 60823K [0x0000000080000000, 0x0000000100000000)
  region size 1024K, 1 young (1024K), 1 survivors (1024K)
 Metaspace       used 46607K, committed 47040K, reserved 1089536K
  class space    used 6198K, committed 6400K, reserved 1048576K
}
Event: 8.181 GC heap before
{Heap before GC invocations=20 (full 0):
 garbage-first heap   total 116736K, used 94615K [0x0000000080000000, 0x0000000100000000)
  region size 1024K, 28 young (28672K), 1 survivors (1024K)
 Metaspace       used 49657K, committed 50176K, reserved 1097728K
  class space    used 6514K, committed 6720K, reserved 1048576K
}
Event: 8.185 GC heap after
{Heap after GC invocations=21 (full 0):
 garbage-first heap   total 116736K, used 70270K [0x0000000080000000, 0x0000000100000000)
  region size 1024K, 4 young (4096K), 4 survivors (4096K)
 Metaspace       used 49657K, committed 50176K, reserved 1097728K
  class space    used 6514K, committed 6720K, reserved 1048576K
}
Event: 8.187 GC heap before
{Heap before GC invocations=21 (full 0):
 garbage-first heap   total 116736K, used 71294K [0x0000000080000000, 0x0000000100000000)
  region size 1024K, 5 young (5120K), 4 survivors (4096K)
 Metaspace       used 49658K, committed 50240K, reserved 1097728K
  class space    used 6514K, committed 6720K, reserved 1048576K
}
Event: 8.191 GC heap after
{Heap after GC invocations=22 (full 0):
 garbage-first heap   total 116736K, used 70462K [0x0000000080000000, 0x0000000100000000)
  region size 1024K, 1 young (1024K), 1 survivors (1024K)
 Metaspace       used 49658K, committed 50240K, reserved 1097728K
  class space    used 6514K, committed 6720K, reserved 1048576K
}
Event: 8.567 GC heap before
{Heap before GC invocations=22 (full 0):
 garbage-first heap   total 116736K, used 94014K [0x0000000080000000, 0x0000000100000000)
  region size 1024K, 24 young (24576K), 1 survivors (1024K)
 Metaspace       used 51611K, committed 52224K, reserved 1097728K
  class space    used 6865K, committed 7168K, reserved 1048576K
}
Event: 8.569 GC heap after
{Heap after GC invocations=23 (full 0):
 garbage-first heap   total 116736K, used 71556K [0x0000000080000000, 0x0000000100000000)
  region size 1024K, 2 young (2048K), 2 survivors (2048K)
 Metaspace       used 51611K, committed 52224K, reserved 1097728K
  class space    used 6865K, committed 7168K, reserved 1048576K
}
Event: 9.075 GC heap before
{Heap before GC invocations=24 (full 0):
 garbage-first heap   total 122880K, used 95108K [0x0000000080000000, 0x0000000100000000)
  region size 1024K, 25 young (25600K), 2 survivors (2048K)
 Metaspace       used 54264K, committed 54912K, reserved 1097728K
  class space    used 7314K, committed 7616K, reserved 1048576K
}
Event: 9.077 GC heap after
{Heap after GC invocations=25 (full 0):
 garbage-first heap   total 122880K, used 73260K [0x0000000080000000, 0x0000000100000000)
  region size 1024K, 3 young (3072K), 3 survivors (3072K)
 Metaspace       used 54264K, committed 54912K, reserved 1097728K
  class space    used 7314K, committed 7616K, reserved 1048576K
}
Event: 9.109 GC heap before
{Heap before GC invocations=25 (full 0):
 garbage-first heap   total 122880K, used 76332K [0x0000000080000000, 0x0000000100000000)
  region size 1024K, 6 young (6144K), 3 survivors (3072K)
 Metaspace       used 54621K, committed 55296K, reserved 1097728K
  class space    used 7381K, committed 7680K, reserved 1048576K
}
Event: 9.112 GC heap after
{Heap after GC invocations=26 (full 0):
 garbage-first heap   total 122880K, used 72824K [0x0000000080000000, 0x0000000100000000)
  region size 1024K, 1 young (1024K), 1 survivors (1024K)
 Metaspace       used 54621K, committed 55296K, reserved 1097728K
  class space    used 7381K, committed 7680K, reserved 1048576K
}
Event: 9.495 GC heap before
{Heap before GC invocations=26 (full 0):
 garbage-first heap   total 122880K, used 98424K [0x0000000080000000, 0x0000000100000000)
  region size 1024K, 27 young (27648K), 1 survivors (1024K)
 Metaspace       used 56006K, committed 56576K, reserved 1105920K
  class space    used 7548K, committed 7808K, reserved 1048576K
}

