# JRE version: OpenJDK Runtime Environment (17.0.6) (build 17.0.6+0-b2043.56-10027231)
# Java VM: OpenJDK 64-Bit Server VM (17.0.6+0-b2043.56-10027231, mixed mode, tiered, compressed oops, compressed class ptrs, g1 gc, windows-amd64)
GC Precious Log:
 CPUs: 12 total, 12 available
 Memory: 14188M
 Large Page Support: Disabled
 NUMA Support: Disabled
 Compressed Oops: Enabled (32-bit)
 Heap Region Size: 1M
 Heap Min Capacity: 8M
 Heap Initial Capacity: 222M
 Heap Max Capacity: 2G
 Pre-touch: Disabled
 Parallel Workers: 10
 Concurrent Workers: 3
 Concurrent Refinement Workers: 10
 Periodic GC: Disabled
Heap:
 garbage-first heap   total 122880K, used 92601K [0x0000000080000000, 0x0000000100000000)
  region size 1024K, 26 young (26624K), 3 survivors (3072K)
 Metaspace       used 55441K, committed 56064K, reserved 1097728K
  class space    used 7504K, committed 7808K, reserved 1048576K
GC Heap History (20 events):
Event: 3.334 GC heap before
{Heap before GC invocations=9 (full 0):
 garbage-first heap   total 83968K, used 64608K [0x0000000080000000, 0x0000000100000000)
  region size 1024K, 17 young (17408K), 2 survivors (2048K)
 Metaspace       used 32681K, committed 33088K, reserved 1081344K
  class space    used 4523K, committed 4672K, reserved 1048576K
}
Event: 3.336 GC heap after
{Heap after GC invocations=10 (full 0):
 garbage-first heap   total 83968K, used 49725K [0x0000000080000000, 0x0000000100000000)
  region size 1024K, 1 young (1024K), 1 survivors (1024K)
 Metaspace       used 32681K, committed 33088K, reserved 1081344K
  class space    used 4523K, committed 4672K, reserved 1048576K
}
Event: 3.519 GC heap before
{Heap before GC invocations=11 (full 0):
 garbage-first heap   total 87040K, used 65085K [0x0000000080000000, 0x0000000100000000)
  region size 1024K, 16 young (16384K), 1 survivors (1024K)
 Metaspace       used 35193K, committed 35584K, reserved 1081344K
  class space    used 4894K, committed 5056K, reserved 1048576K
}
Event: 3.520 GC heap after
{Heap after GC invocations=12 (full 0):
 garbage-first heap   total 87040K, used 50330K [0x0000000080000000, 0x0000000100000000)
  region size 1024K, 2 young (2048K), 2 survivors (2048K)
 Metaspace       used 35193K, committed 35584K, reserved 1081344K
  class space    used 4894K, committed 5056K, reserved 1048576K
}
Event: 3.854 GC heap before
{Heap before GC invocations=12 (full 0):
 garbage-first heap   total 87040K, used 67738K [0x0000000080000000, 0x0000000100000000)
  region size 1024K, 20 young (20480K), 2 survivors (2048K)
 Metaspace       used 40622K, committed 41024K, reserved 1089536K
  class space    used 5499K, committed 5696K, reserved 1048576K
}
Event: 3.857 GC heap after
{Heap after GC invocations=13 (full 0):
 garbage-first heap   total 87040K, used 52845K [0x0000000080000000, 0x0000000100000000)
  region size 1024K, 3 young (3072K), 3 survivors (3072K)
 Metaspace       used 40622K, committed 41024K, reserved 1089536K
  class space    used 5499K, committed 5696K, reserved 1048576K
}
Event: 3.994 GC heap before
{Heap before GC invocations=14 (full 0):
 garbage-first heap   total 94208K, used 68205K [0x0000000080000000, 0x0000000100000000)
  region size 1024K, 19 young (19456K), 3 survivors (3072K)
 Metaspace       used 41678K, committed 42048K, reserved 1089536K
  class space    used 5583K, committed 5760K, reserved 1048576K
}
Event: 3.998 GC heap after
{Heap after GC invocations=15 (full 0):
 garbage-first heap   total 113664K, used 55384K [0x0000000080000000, 0x0000000100000000)
  region size 1024K, 3 young (3072K), 3 survivors (3072K)
 Metaspace       used 41678K, committed 42048K, reserved 1089536K
  class space    used 5583K, committed 5760K, reserved 1048576K
}
Event: 4.084 GC heap before
{Heap before GC invocations=15 (full 0):
 garbage-first heap   total 113664K, used 65624K [0x0000000080000000, 0x0000000100000000)
  region size 1024K, 15 young (15360K), 3 survivors (3072K)
 Metaspace       used 42150K, committed 42560K, reserved 1089536K
  class space    used 5628K, committed 5824K, reserved 1048576K
}
Event: 4.086 GC heap after
{Heap after GC invocations=16 (full 0):
 garbage-first heap   total 113664K, used 55937K [0x0000000080000000, 0x0000000100000000)
  region size 1024K, 3 young (3072K), 3 survivors (3072K)
 Metaspace       used 42150K, committed 42560K, reserved 1089536K
  class space    used 5628K, committed 5824K, reserved 1048576K
}
Event: 4.560 GC heap before
{Heap before GC invocations=17 (full 0):
 garbage-first heap   total 113664K, used 89729K [0x0000000080000000, 0x0000000100000000)
  region size 1024K, 34 young (34816K), 3 survivors (3072K)
 Metaspace       used 46621K, committed 47040K, reserved 1089536K
  class space    used 6197K, committed 6400K, reserved 1048576K
}
Event: 4.564 GC heap after
{Heap after GC invocations=18 (full 0):
 garbage-first heap   total 113664K, used 58141K [0x0000000080000000, 0x0000000100000000)
  region size 1024K, 5 young (5120K), 5 survivors (5120K)
 Metaspace       used 46621K, committed 47040K, reserved 1089536K
  class space    used 6197K, committed 6400K, reserved 1048576K
}
Event: 4.585 GC heap before
{Heap before GC invocations=19 (full 0):
 garbage-first heap   total 113664K, used 61213K [0x0000000080000000, 0x0000000100000000)
  region size 1024K, 6 young (6144K), 5 survivors (5120K)
 Metaspace       used 46621K, committed 47040K, reserved 1089536K
  class space    used 6197K, committed 6400K, reserved 1048576K
}
Event: 4.588 GC heap after
{Heap after GC invocations=20 (full 0):
 garbage-first heap   total 113664K, used 61557K [0x0000000080000000, 0x0000000100000000)
  region size 1024K, 1 young (1024K), 1 survivors (1024K)
 Metaspace       used 46621K, committed 47040K, reserved 1089536K
  class space    used 6197K, committed 6400K, reserved 1048576K
}
Event: 4.777 GC heap before
{Heap before GC invocations=21 (full 0):
 garbage-first heap   total 113664K, used 81013K [0x0000000080000000, 0x0000000100000000)
  region size 1024K, 19 young (19456K), 1 survivors (1024K)
 Metaspace       used 47950K, committed 48448K, reserved 1097728K
  class space    used 6363K, committed 6592K, reserved 1048576K
}
Event: 4.779 GC heap after
{Heap after GC invocations=22 (full 0):
 garbage-first heap   total 113664K, used 67563K [0x0000000080000000, 0x0000000100000000)
  region size 1024K, 4 young (4096K), 4 survivors (4096K)
 Metaspace       used 47950K, committed 48448K, reserved 1097728K
  class space    used 6363K, committed 6592K, reserved 1048576K
}
Event: 5.009 GC heap before
{Heap before GC invocations=23 (full 0):
 garbage-first heap   total 119808K, used 88043K [0x0000000080000000, 0x0000000100000000)
  region size 1024K, 23 young (23552K), 4 survivors (4096K)
 Metaspace       used 49740K, committed 50240K, reserved 1097728K
  class space    used 6529K, committed 6720K, reserved 1048576K
}
Event: 5.011 GC heap after
{Heap after GC invocations=24 (full 0):
 garbage-first heap   total 119808K, used 67964K [0x0000000080000000, 0x0000000100000000)
  region size 1024K, 1 young (1024K), 1 survivors (1024K)
 Metaspace       used 49740K, committed 50240K, reserved 1097728K
  class space    used 6529K, committed 6720K, reserved 1048576K
}
Event: 5.290 GC heap before
{Heap before GC invocations=24 (full 0):
 garbage-first heap   total 119808K, used 91516K [0x0000000080000000, 0x0000000100000000)
  region size 1024K, 25 young (25600K), 1 survivors (1024K)
 Metaspace       used 52472K, committed 53056K, reserved 1097728K
  class space    used 7027K, committed 7296K, reserved 1048576K
}
Event: 5.293 GC heap after
{Heap after GC invocations=25 (full 0):
 garbage-first heap   total 119808K, used 70073K [0x0000000080000000, 0x0000000100000000)
  region size 1024K, 3 young (3072K), 3 survivors (3072K)
 Metaspace       used 52472K, committed 53056K, reserved 1097728K
  class space    used 7027K, committed 7296K, reserved 1048576K
}

