# JRE version: OpenJDK Runtime Environment (17.0.6) (build 17.0.6+0-b2043.56-10027231)
# Java VM: OpenJDK 64-Bit Server VM (17.0.6+0-b2043.56-10027231, mixed mode, tiered, compressed oops, compressed class ptrs, g1 gc, windows-amd64)
GC Precious Log:
 CPUs: 12 total, 12 available
 Memory: 14188M
 Large Page Support: Disabled
 NUMA Support: Disabled
 Compressed Oops: Enabled (32-bit)
 Heap Region Size: 1M
 Heap Min Capacity: 8M
 Heap Initial Capacity: 222M
 Heap Max Capacity: 2G
 Pre-touch: Disabled
 Parallel Workers: 10
 Concurrent Workers: 3
 Concurrent Refinement Workers: 10
 Periodic GC: Disabled
Heap:
 garbage-first heap   total 132096K, used 78469K [0x0000000080000000, 0x0000000100000000)
  region size 1024K, 3 young (3072K), 3 survivors (3072K)
 Metaspace       used 62760K, committed 63424K, reserved 1105920K
  class space    used 8381K, committed 8704K, reserved 1048576K
GC Heap History (20 events):
Event: 4.936 GC heap after
{Heap after GC invocations=10 (full 0):
 garbage-first heap   total 101376K, used 49728K [0x0000000080000000, 0x0000000100000000)
  region size 1024K, 3 young (3072K), 3 survivors (3072K)
 Metaspace       used 34045K, committed 34432K, reserved 1081344K
  class space    used 4738K, committed 4928K, reserved 1048576K
}
Event: 5.361 GC heap before
{Heap before GC invocations=11 (full 0):
 garbage-first heap   total 101376K, used 76352K [0x0000000080000000, 0x0000000100000000)
  region size 1024K, 30 young (30720K), 3 survivors (3072K)
 Metaspace       used 41222K, committed 41600K, reserved 1089536K
  class space    used 5534K, committed 5696K, reserved 1048576K
}
Event: 5.365 GC heap after
{Heap after GC invocations=12 (full 0):
 garbage-first heap   total 101376K, used 54112K [0x0000000080000000, 0x0000000100000000)
  region size 1024K, 4 young (4096K), 4 survivors (4096K)
 Metaspace       used 41222K, committed 41600K, reserved 1089536K
  class space    used 5534K, committed 5696K, reserved 1048576K
}
Event: 5.521 GC heap before
{Heap before GC invocations=12 (full 0):
 garbage-first heap   total 101376K, used 77664K [0x0000000080000000, 0x0000000100000000)
  region size 1024K, 28 young (28672K), 4 survivors (4096K)
 Metaspace       used 42158K, committed 42560K, reserved 1089536K
  class space    used 5621K, committed 5824K, reserved 1048576K
}
Event: 5.525 GC heap after
{Heap after GC invocations=13 (full 0):
 garbage-first heap   total 101376K, used 56831K [0x0000000080000000, 0x0000000100000000)
  region size 1024K, 3 young (3072K), 3 survivors (3072K)
 Metaspace       used 42158K, committed 42560K, reserved 1089536K
  class space    used 5621K, committed 5824K, reserved 1048576K
}
Event: 5.931 GC heap before
{Heap before GC invocations=14 (full 0):
 garbage-first heap   total 104448K, used 82431K [0x0000000080000000, 0x0000000100000000)
  region size 1024K, 25 young (25600K), 3 survivors (3072K)
 Metaspace       used 45843K, committed 46272K, reserved 1089536K
  class space    used 6063K, committed 6272K, reserved 1048576K
}
Event: 5.933 GC heap after
{Heap after GC invocations=15 (full 0):
 garbage-first heap   total 104448K, used 58134K [0x0000000080000000, 0x0000000100000000)
  region size 1024K, 2 young (2048K), 2 survivors (2048K)
 Metaspace       used 45843K, committed 46272K, reserved 1089536K
  class space    used 6063K, committed 6272K, reserved 1048576K
}
Event: 6.124 GC heap before
{Heap before GC invocations=15 (full 0):
 garbage-first heap   total 104448K, used 66326K [0x0000000080000000, 0x0000000100000000)
  region size 1024K, 12 young (12288K), 2 survivors (2048K)
 Metaspace       used 46653K, committed 47104K, reserved 1089536K
  class space    used 6188K, committed 6400K, reserved 1048576K
}
Event: 6.126 GC heap after
{Heap after GC invocations=16 (full 0):
 garbage-first heap   total 104448K, used 59365K [0x0000000080000000, 0x0000000100000000)
  region size 1024K, 3 young (3072K), 3 survivors (3072K)
 Metaspace       used 46653K, committed 47104K, reserved 1089536K
  class space    used 6188K, committed 6400K, reserved 1048576K
}
Event: 6.328 GC heap before
{Heap before GC invocations=17 (full 0):
 garbage-first heap   total 107520K, used 82917K [0x0000000080000000, 0x0000000100000000)
  region size 1024K, 22 young (22528K), 3 survivors (3072K)
 Metaspace       used 47993K, committed 48448K, reserved 1097728K
  class space    used 6353K, committed 6528K, reserved 1048576K
}
Event: 6.332 GC heap after
{Heap after GC invocations=18 (full 0):
 garbage-first heap   total 107520K, used 69114K [0x0000000080000000, 0x0000000100000000)
  region size 1024K, 4 young (4096K), 4 survivors (4096K)
 Metaspace       used 47993K, committed 48448K, reserved 1097728K
  class space    used 6353K, committed 6528K, reserved 1048576K
}
Event: 6.539 GC heap before
{Heap before GC invocations=19 (full 0):
 garbage-first heap   total 121856K, used 86522K [0x0000000080000000, 0x0000000100000000)
  region size 1024K, 21 young (21504K), 4 survivors (4096K)
 Metaspace       used 49661K, committed 50176K, reserved 1097728K
  class space    used 6503K, committed 6720K, reserved 1048576K
}
Event: 6.541 GC heap after
{Heap after GC invocations=20 (full 0):
 garbage-first heap   total 121856K, used 69470K [0x0000000080000000, 0x0000000100000000)
  region size 1024K, 1 young (1024K), 1 survivors (1024K)
 Metaspace       used 49661K, committed 50176K, reserved 1097728K
  class space    used 6503K, committed 6720K, reserved 1048576K
}
Event: 6.879 GC heap before
{Heap before GC invocations=20 (full 0):
 garbage-first heap   total 121856K, used 94046K [0x0000000080000000, 0x0000000100000000)
  region size 1024K, 26 young (26624K), 1 survivors (1024K)
 Metaspace       used 52389K, committed 52928K, reserved 1097728K
  class space    used 6993K, committed 7232K, reserved 1048576K
}
Event: 6.882 GC heap after
{Heap after GC invocations=21 (full 0):
 garbage-first heap   total 121856K, used 71620K [0x0000000080000000, 0x0000000100000000)
  region size 1024K, 3 young (3072K), 3 survivors (3072K)
 Metaspace       used 52389K, committed 52928K, reserved 1097728K
  class space    used 6993K, committed 7232K, reserved 1048576K
}
Event: 7.235 GC heap before
{Heap before GC invocations=22 (full 0):
 garbage-first heap   total 124928K, used 96196K [0x0000000080000000, 0x0000000100000000)
  region size 1024K, 27 young (27648K), 3 survivors (3072K)
 Metaspace       used 55525K, committed 56064K, reserved 1097728K
  class space    used 7503K, committed 7744K, reserved 1048576K
}
Event: 7.238 GC heap after
{Heap after GC invocations=23 (full 0):
 garbage-first heap   total 124928K, used 72957K [0x0000000080000000, 0x0000000100000000)
  region size 1024K, 2 young (2048K), 2 survivors (2048K)
 Metaspace       used 55525K, committed 56064K, reserved 1097728K
  class space    used 7503K, committed 7744K, reserved 1048576K
}
Event: 7.781 GC heap before
{Heap before GC invocations=23 (full 0):
 garbage-first heap   total 124928K, used 99581K [0x0000000080000000, 0x0000000100000000)
  region size 1024K, 28 young (28672K), 2 survivors (2048K)
 Metaspace       used 60980K, committed 61632K, reserved 1105920K
  class space    used 8184K, committed 8512K, reserved 1048576K
}
Event: 7.785 GC heap after
{Heap after GC invocations=24 (full 0):
 garbage-first heap   total 124928K, used 76353K [0x0000000080000000, 0x0000000100000000)
  region size 1024K, 4 young (4096K), 4 survivors (4096K)
 Metaspace       used 60980K, committed 61632K, reserved 1105920K
  class space    used 8184K, committed 8512K, reserved 1048576K
}
Event: 8.338 GC heap before
{Heap before GC invocations=25 (full 0):
 garbage-first heap   total 132096K, used 98881K [0x0000000080000000, 0x0000000100000000)
  region size 1024K, 27 young (27648K), 4 survivors (4096K)
 Metaspace       used 62760K, committed 63424K, reserved 1105920K
  class space    used 8381K, committed 8704K, reserved 1048576K
}

