# JRE version: OpenJDK Runtime Environment (17.0.6) (build 17.0.6+0-b2043.56-10027231)
# Java VM: OpenJDK 64-Bit Server VM (17.0.6+0-b2043.56-10027231, mixed mode, tiered, compressed oops, compressed class ptrs, g1 gc, windows-amd64)
GC Precious Log:
 CPUs: 12 total, 12 available
 Memory: 14188M
 Large Page Support: Disabled
 NUMA Support: Disabled
 Compressed Oops: Enabled (32-bit)
 Heap Region Size: 1M
 Heap Min Capacity: 8M
 Heap Initial Capacity: 222M
 Heap Max Capacity: 2G
 Pre-touch: Disabled
 Parallel Workers: 10
 Concurrent Workers: 3
 Concurrent Refinement Workers: 10
 Periodic GC: Disabled
Heap:
 garbage-first heap   total 147456K, used 90824K [0x0000000080000000, 0x0000000100000000)
  region size 1024K, 2 young (2048K), 2 survivors (2048K)
 Metaspace       used 72840K, committed 73536K, reserved 1114112K
  class space    used 9720K, committed 10048K, reserved 1048576K
GC Heap History (20 events):
Event: 7.625 GC heap after
{Heap after GC invocations=21 (full 0):
 garbage-first heap   total 121856K, used 70484K [0x0000000080000000, 0x0000000100000000)
  region size 1024K, 1 young (1024K), 1 survivors (1024K)
 Metaspace       used 50124K, committed 50688K, reserved 1097728K
  class space    used 6607K, committed 6848K, reserved 1048576K
}
Event: 7.903 GC heap before
{Heap before GC invocations=21 (full 0):
 garbage-first heap   total 121856K, used 95060K [0x0000000080000000, 0x0000000100000000)
  region size 1024K, 25 young (25600K), 1 survivors (1024K)
 Metaspace       used 52873K, committed 53440K, reserved 1097728K
  class space    used 7088K, committed 7360K, reserved 1048576K
}
Event: 7.905 GC heap after
{Heap after GC invocations=22 (full 0):
 garbage-first heap   total 146432K, used 72176K [0x0000000080000000, 0x0000000100000000)
  region size 1024K, 2 young (2048K), 2 survivors (2048K)
 Metaspace       used 52873K, committed 53440K, reserved 1097728K
  class space    used 7088K, committed 7360K, reserved 1048576K
}
Event: 8.393 GC heap before
{Heap before GC invocations=23 (full 0):
 garbage-first heap   total 146432K, used 110064K [0x0000000080000000, 0x0000000100000000)
  region size 1024K, 39 young (39936K), 2 survivors (2048K)
 Metaspace       used 55940K, committed 56576K, reserved 1097728K
  class space    used 7542K, committed 7808K, reserved 1048576K
}
Event: 8.396 GC heap after
{Heap after GC invocations=24 (full 0):
 garbage-first heap   total 146432K, used 74669K [0x0000000080000000, 0x0000000100000000)
  region size 1024K, 5 young (5120K), 5 survivors (5120K)
 Metaspace       used 55940K, committed 56576K, reserved 1097728K
  class space    used 7542K, committed 7808K, reserved 1048576K
}
Event: 8.420 GC heap before
{Heap before GC invocations=24 (full 0):
 garbage-first heap   total 146432K, used 76717K [0x0000000080000000, 0x0000000100000000)
  region size 1024K, 7 young (7168K), 5 survivors (5120K)
 Metaspace       used 55965K, committed 56576K, reserved 1097728K
  class space    used 7543K, committed 7808K, reserved 1048576K
}
Event: 8.423 GC heap after
{Heap after GC invocations=25 (full 0):
 garbage-first heap   total 146432K, used 74750K [0x0000000080000000, 0x0000000100000000)
  region size 1024K, 1 young (1024K), 1 survivors (1024K)
 Metaspace       used 55965K, committed 56576K, reserved 1097728K
  class space    used 7543K, committed 7808K, reserved 1048576K
}
Event: 8.583 GC heap before
{Heap before GC invocations=25 (full 0):
 garbage-first heap   total 146432K, used 86014K [0x0000000080000000, 0x0000000100000000)
  region size 1024K, 13 young (13312K), 1 survivors (1024K)
 Metaspace       used 56235K, committed 56832K, reserved 1105920K
  class space    used 7568K, committed 7872K, reserved 1048576K
}
Event: 8.585 GC heap after
{Heap after GC invocations=26 (full 0):
 garbage-first heap   total 146432K, used 75442K [0x0000000080000000, 0x0000000100000000)
  region size 1024K, 2 young (2048K), 2 survivors (2048K)
 Metaspace       used 56235K, committed 56832K, reserved 1105920K
  class space    used 7568K, committed 7872K, reserved 1048576K
}
Event: 8.970 GC heap before
{Heap before GC invocations=27 (full 0):
 garbage-first heap   total 146432K, used 116402K [0x0000000080000000, 0x0000000100000000)
  region size 1024K, 38 young (38912K), 2 survivors (2048K)
 Metaspace       used 60485K, committed 61120K, reserved 1105920K
  class space    used 8116K, committed 8384K, reserved 1048576K
}
Event: 8.973 GC heap after
{Heap after GC invocations=28 (full 0):
 garbage-first heap   total 146432K, used 84108K [0x0000000080000000, 0x0000000100000000)
  region size 1024K, 5 young (5120K), 5 survivors (5120K)
 Metaspace       used 60485K, committed 61120K, reserved 1105920K
  class space    used 8116K, committed 8384K, reserved 1048576K
}
Event: 8.990 GC heap before
{Heap before GC invocations=28 (full 0):
 garbage-first heap   total 146432K, used 86156K [0x0000000080000000, 0x0000000100000000)
  region size 1024K, 7 young (7168K), 5 survivors (5120K)
 Metaspace       used 60844K, committed 61504K, reserved 1105920K
  class space    used 8153K, committed 8448K, reserved 1048576K
}
Event: 8.992 GC heap after
{Heap after GC invocations=29 (full 0):
 garbage-first heap   total 146432K, used 84015K [0x0000000080000000, 0x0000000100000000)
  region size 1024K, 1 young (1024K), 1 survivors (1024K)
 Metaspace       used 60844K, committed 61504K, reserved 1105920K
  class space    used 8153K, committed 8448K, reserved 1048576K
}
Event: 9.444 GC heap before
{Heap before GC invocations=29 (full 0):
 garbage-first heap   total 146432K, used 115759K [0x0000000080000000, 0x0000000100000000)
  region size 1024K, 32 young (32768K), 1 survivors (1024K)
 Metaspace       used 66265K, committed 66944K, reserved 1114112K
  class space    used 8850K, committed 9152K, reserved 1048576K
}
Event: 9.446 GC heap after
{Heap after GC invocations=30 (full 0):
 garbage-first heap   total 146432K, used 85508K [0x0000000080000000, 0x0000000100000000)
  region size 1024K, 2 young (2048K), 2 survivors (2048K)
 Metaspace       used 66265K, committed 66944K, reserved 1114112K
  class space    used 8850K, committed 9152K, reserved 1048576K
}
Event: 9.769 GC heap before
{Heap before GC invocations=31 (full 0):
 garbage-first heap   total 147456K, used 124420K [0x0000000080000000, 0x0000000100000000)
  region size 1024K, 34 young (34816K), 2 survivors (2048K)
 Metaspace       used 69363K, committed 70080K, reserved 1114112K
  class space    used 9238K, committed 9536K, reserved 1048576K
}
Event: 9.772 GC heap after
{Heap after GC invocations=32 (full 0):
 garbage-first heap   total 147456K, used 89326K [0x0000000080000000, 0x0000000100000000)
  region size 1024K, 5 young (5120K), 5 survivors (5120K)
 Metaspace       used 69363K, committed 70080K, reserved 1114112K
  class space    used 9238K, committed 9536K, reserved 1048576K
}
Event: 9.788 GC heap before
{Heap before GC invocations=32 (full 0):
 garbage-first heap   total 147456K, used 91374K [0x0000000080000000, 0x0000000100000000)
  region size 1024K, 7 young (7168K), 5 survivors (5120K)
 Metaspace       used 69523K, committed 70208K, reserved 1114112K
  class space    used 9260K, committed 9536K, reserved 1048576K
}
Event: 9.792 GC heap after
{Heap after GC invocations=33 (full 0):
 garbage-first heap   total 147456K, used 89573K [0x0000000080000000, 0x0000000100000000)
  region size 1024K, 1 young (1024K), 1 survivors (1024K)
 Metaspace       used 69523K, committed 70208K, reserved 1114112K
  class space    used 9260K, committed 9536K, reserved 1048576K
}
Event: 10.107 GC heap before
{Heap before GC invocations=33 (full 0):
 garbage-first heap   total 147456K, used 120293K [0x0000000080000000, 0x0000000100000000)
  region size 1024K, 31 young (31744K), 1 survivors (1024K)
 Metaspace       used 72840K, committed 73536K, reserved 1114112K
  class space    used 9720K, committed 10048K, reserved 1048576K
}

