# JRE version: OpenJDK Runtime Environment (17.0.6) (build 17.0.6+0-b2043.56-10027231)
# Java VM: OpenJDK 64-Bit Server VM (17.0.6+0-b2043.56-10027231, mixed mode, tiered, compressed oops, compressed class ptrs, g1 gc, windows-amd64)
GC Precious Log:
 CPUs: 12 total, 12 available
 Memory: 14188M
 Large Page Support: Disabled
 NUMA Support: Disabled
 Compressed Oops: Enabled (32-bit)
 Heap Region Size: 1M
 Heap Min Capacity: 8M
 Heap Initial Capacity: 222M
 Heap Max Capacity: 2G
 Pre-touch: Disabled
 Parallel Workers: 10
 Concurrent Workers: 3
 Concurrent Refinement Workers: 10
 Periodic GC: Disabled
Heap:
 garbage-first heap   total 162816K, used 93581K [0x0000000080000000, 0x0000000100000000)
  region size 1024K, 3 young (3072K), 2 survivors (2048K)
 Metaspace       used 71934K, committed 72576K, reserved 1114112K
  class space    used 9575K, committed 9856K, reserved 1048576K
GC Heap History (20 events):
Event: 9.013 GC heap before
{Heap before GC invocations=25 (full 0):
 garbage-first heap   total 122880K, used 95223K [0x0000000080000000, 0x0000000100000000)
  region size 1024K, 26 young (26624K), 3 survivors (3072K)
 Metaspace       used 55398K, committed 56000K, reserved 1097728K
  class space    used 7481K, committed 7744K, reserved 1048576K
}
Event: 9.019 GC heap after
{Heap after GC invocations=26 (full 0):
 garbage-first heap   total 122880K, used 72762K [0x0000000080000000, 0x0000000100000000)
  region size 1024K, 3 young (3072K), 3 survivors (3072K)
 Metaspace       used 55398K, committed 56000K, reserved 1097728K
  class space    used 7481K, committed 7744K, reserved 1048576K
}
Event: 9.112 GC heap before
{Heap before GC invocations=26 (full 0):
 garbage-first heap   total 122880K, used 75834K [0x0000000080000000, 0x0000000100000000)
  region size 1024K, 6 young (6144K), 3 survivors (3072K)
 Metaspace       used 55565K, committed 56128K, reserved 1097728K
  class space    used 7498K, committed 7744K, reserved 1048576K
}
Event: 9.116 GC heap after
{Heap after GC invocations=27 (full 0):
 garbage-first heap   total 147456K, used 72609K [0x0000000080000000, 0x0000000100000000)
  region size 1024K, 1 young (1024K), 1 survivors (1024K)
 Metaspace       used 55565K, committed 56128K, reserved 1097728K
  class space    used 7498K, committed 7744K, reserved 1048576K
}
Event: 9.661 GC heap before
{Heap before GC invocations=27 (full 0):
 garbage-first heap   total 147456K, used 101281K [0x0000000080000000, 0x0000000100000000)
  region size 1024K, 31 young (31744K), 1 survivors (1024K)
 Metaspace       used 56324K, committed 57024K, reserved 1105920K
  class space    used 7568K, committed 7872K, reserved 1048576K
}
Event: 9.664 GC heap after
{Heap after GC invocations=28 (full 0):
 garbage-first heap   total 147456K, used 74528K [0x0000000080000000, 0x0000000100000000)
  region size 1024K, 3 young (3072K), 3 survivors (3072K)
 Metaspace       used 56324K, committed 57024K, reserved 1105920K
  class space    used 7568K, committed 7872K, reserved 1048576K
}
Event: 9.698 GC heap before
{Heap before GC invocations=29 (full 0):
 garbage-first heap   total 147456K, used 77600K [0x0000000080000000, 0x0000000100000000)
  region size 1024K, 5 young (5120K), 3 survivors (3072K)
 Metaspace       used 56372K, committed 57024K, reserved 1105920K
  class space    used 7575K, committed 7872K, reserved 1048576K
}
Event: 9.701 GC heap after
{Heap after GC invocations=30 (full 0):
 garbage-first heap   total 147456K, used 77876K [0x0000000080000000, 0x0000000100000000)
  region size 1024K, 4 young (4096K), 4 survivors (4096K)
 Metaspace       used 56372K, committed 57024K, reserved 1105920K
  class space    used 7575K, committed 7872K, reserved 1048576K
}
Event: 9.765 GC heap before
{Heap before GC invocations=31 (full 0):
 garbage-first heap   total 147456K, used 82996K [0x0000000080000000, 0x0000000100000000)
  region size 1024K, 10 young (10240K), 4 survivors (4096K)
 Metaspace       used 56667K, committed 57344K, reserved 1105920K
  class space    used 7627K, committed 7936K, reserved 1048576K
}
Event: 9.768 GC heap after
{Heap after GC invocations=32 (full 0):
 garbage-first heap   total 147456K, used 82235K [0x0000000080000000, 0x0000000100000000)
  region size 1024K, 4 young (4096K), 4 survivors (4096K)
 Metaspace       used 56667K, committed 57344K, reserved 1105920K
  class space    used 7627K, committed 7936K, reserved 1048576K
}
Event: 10.061 GC heap before
{Heap before GC invocations=33 (full 0):
 garbage-first heap   total 147456K, used 107835K [0x0000000080000000, 0x0000000100000000)
  region size 1024K, 28 young (28672K), 4 survivors (4096K)
 Metaspace       used 59627K, committed 60288K, reserved 1105920K
  class space    used 8036K, committed 8320K, reserved 1048576K
}
Event: 10.063 GC heap after
{Heap after GC invocations=34 (full 0):
 garbage-first heap   total 147456K, used 83836K [0x0000000080000000, 0x0000000100000000)
  region size 1024K, 3 young (3072K), 3 survivors (3072K)
 Metaspace       used 59627K, committed 60288K, reserved 1105920K
  class space    used 8036K, committed 8320K, reserved 1048576K
}
Event: 10.398 GC heap before
{Heap before GC invocations=34 (full 0):
 garbage-first heap   total 147456K, used 107388K [0x0000000080000000, 0x0000000100000000)
  region size 1024K, 27 young (27648K), 3 survivors (3072K)
 Metaspace       used 63750K, committed 64448K, reserved 1105920K
  class space    used 8467K, committed 8768K, reserved 1048576K
}
Event: 10.401 GC heap after
{Heap after GC invocations=35 (full 0):
 garbage-first heap   total 147456K, used 84833K [0x0000000080000000, 0x0000000100000000)
  region size 1024K, 4 young (4096K), 4 survivors (4096K)
 Metaspace       used 63750K, committed 64448K, reserved 1105920K
  class space    used 8467K, committed 8768K, reserved 1048576K
}
Event: 10.665 GC heap before
{Heap before GC invocations=36 (full 0):
 garbage-first heap   total 148480K, used 115553K [0x0000000080000000, 0x0000000100000000)
  region size 1024K, 30 young (30720K), 4 survivors (4096K)
 Metaspace       used 67692K, committed 68416K, reserved 1114112K
  class space    used 9009K, committed 9344K, reserved 1048576K
}
Event: 10.669 GC heap after
{Heap after GC invocations=37 (full 0):
 garbage-first heap   total 148480K, used 93259K [0x0000000080000000, 0x0000000100000000)
  region size 1024K, 4 young (4096K), 4 survivors (4096K)
 Metaspace       used 67692K, committed 68416K, reserved 1114112K
  class space    used 9009K, committed 9344K, reserved 1048576K
}
Event: 10.679 GC heap before
{Heap before GC invocations=37 (full 0):
 garbage-first heap   total 148480K, used 98379K [0x0000000080000000, 0x0000000100000000)
  region size 1024K, 7 young (7168K), 4 survivors (4096K)
 Metaspace       used 67697K, committed 68416K, reserved 1114112K
  class space    used 9009K, committed 9344K, reserved 1048576K
}
Event: 10.682 GC heap after
{Heap after GC invocations=38 (full 0):
 garbage-first heap   total 148480K, used 95318K [0x0000000080000000, 0x0000000100000000)
  region size 1024K, 1 young (1024K), 1 survivors (1024K)
 Metaspace       used 67697K, committed 68416K, reserved 1114112K
  class space    used 9009K, committed 9344K, reserved 1048576K
}
Event: 10.931 GC heap before
{Heap before GC invocations=38 (full 0):
 garbage-first heap   total 148480K, used 116822K [0x0000000080000000, 0x0000000100000000)
  region size 1024K, 22 young (22528K), 1 survivors (1024K)
 Metaspace       used 69737K, committed 70400K, reserved 1114112K
  class space    used 9281K, committed 9600K, reserved 1048576K
}
Event: 10.933 GC heap after
{Heap after GC invocations=39 (full 0):
 garbage-first heap   total 148480K, used 96625K [0x0000000080000000, 0x0000000100000000)
  region size 1024K, 3 young (3072K), 3 survivors (3072K)
 Metaspace       used 69737K, committed 70400K, reserved 1114112K
  class space    used 9281K, committed 9600K, reserved 1048576K
}

