# JRE version: OpenJDK Runtime Environment (17.0.6) (build 17.0.6+0-b2043.56-10027231)
# Java VM: OpenJDK 64-Bit Server VM (17.0.6+0-b2043.56-10027231, mixed mode, tiered, compressed oops, compressed class ptrs, g1 gc, windows-amd64)
GC Precious Log:
 CPUs: 12 total, 12 available
 Memory: 14188M
 Large Page Support: Disabled
 NUMA Support: Disabled
 Compressed Oops: Enabled (32-bit)
 Heap Region Size: 1M
 Heap Min Capacity: 8M
 Heap Initial Capacity: 222M
 Heap Max Capacity: 2G
 Pre-touch: Disabled
 Parallel Workers: 10
 Concurrent Workers: 3
 Concurrent Refinement Workers: 10
 Periodic GC: Disabled
Heap:
 garbage-first heap   total 227328K, used 107642K [0x0000000080000000, 0x0000000100000000)
  region size 1024K, 6 young (6144K), 6 survivors (6144K)
 Metaspace       used 101142K, committed 101824K, reserved 1138688K
  class space    used 13713K, committed 14080K, reserved 1048576K
GC Heap History (20 events):
Event: 8.753 GC heap after
{Heap after GC invocations=33 (full 0):
 garbage-first heap   total 119808K, used 68141K [0x0000000080000000, 0x0000000100000000)
  region size 1024K, 4 young (4096K), 4 survivors (4096K)
 Metaspace       used 89375K, committed 89984K, reserved 1130496K
  class space    used 12152K, committed 12480K, reserved 1048576K
}
Event: 8.912 GC heap before
{Heap before GC invocations=34 (full 0):
 garbage-first heap   total 124928K, used 95789K [0x0000000080000000, 0x0000000100000000)
  region size 1024K, 32 young (32768K), 4 survivors (4096K)
 Metaspace       used 89877K, committed 90496K, reserved 1130496K
  class space    used 12192K, committed 12480K, reserved 1048576K
}
Event: 8.918 GC heap after
{Heap after GC invocations=35 (full 0):
 garbage-first heap   total 124928K, used 73931K [0x0000000080000000, 0x0000000100000000)
  region size 1024K, 4 young (4096K), 4 survivors (4096K)
 Metaspace       used 89877K, committed 90496K, reserved 1130496K
  class space    used 12192K, committed 12480K, reserved 1048576K
}
Event: 8.923 GC heap before
{Heap before GC invocations=35 (full 0):
 garbage-first heap   total 124928K, used 75979K [0x0000000080000000, 0x0000000100000000)
  region size 1024K, 6 young (6144K), 4 survivors (4096K)
 Metaspace       used 89891K, committed 90496K, reserved 1130496K
  class space    used 12192K, committed 12480K, reserved 1048576K
}
Event: 8.927 GC heap after
{Heap after GC invocations=36 (full 0):
 garbage-first heap   total 193536K, used 75073K [0x0000000080000000, 0x0000000100000000)
  region size 1024K, 1 young (1024K), 1 survivors (1024K)
 Metaspace       used 89891K, committed 90496K, reserved 1130496K
  class space    used 12192K, committed 12480K, reserved 1048576K
}
Event: 8.983 GC heap before
{Heap before GC invocations=36 (full 0):
 garbage-first heap   total 193536K, used 78145K [0x0000000080000000, 0x0000000100000000)
  region size 1024K, 6 young (6144K), 1 survivors (1024K)
 Metaspace       used 90391K, committed 91072K, reserved 1130496K
  class space    used 12240K, committed 12544K, reserved 1048576K
}
Event: 8.986 GC heap after
{Heap after GC invocations=37 (full 0):
 garbage-first heap   total 193536K, used 76334K [0x0000000080000000, 0x0000000100000000)
  region size 1024K, 3 young (3072K), 3 survivors (3072K)
 Metaspace       used 90391K, committed 91072K, reserved 1130496K
  class space    used 12240K, committed 12544K, reserved 1048576K
}
Event: 9.455 GC heap before
{Heap before GC invocations=38 (full 0):
 garbage-first heap   total 193536K, used 131630K [0x0000000080000000, 0x0000000100000000)
  region size 1024K, 57 young (58368K), 3 survivors (3072K)
 Metaspace       used 93162K, committed 93760K, reserved 1130496K
  class space    used 12677K, committed 12992K, reserved 1048576K
}
Event: 9.460 GC heap after
{Heap after GC invocations=39 (full 0):
 garbage-first heap   total 193536K, used 80994K [0x0000000080000000, 0x0000000100000000)
  region size 1024K, 7 young (7168K), 7 survivors (7168K)
 Metaspace       used 93162K, committed 93760K, reserved 1130496K
  class space    used 12677K, committed 12992K, reserved 1048576K
}
Event: 9.470 GC heap before
{Heap before GC invocations=39 (full 0):
 garbage-first heap   total 193536K, used 83042K [0x0000000080000000, 0x0000000100000000)
  region size 1024K, 9 young (9216K), 7 survivors (7168K)
 Metaspace       used 93173K, committed 93888K, reserved 1130496K
  class space    used 12677K, committed 12992K, reserved 1048576K
}
Event: 9.473 GC heap after
{Heap after GC invocations=40 (full 0):
 garbage-first heap   total 193536K, used 81067K [0x0000000080000000, 0x0000000100000000)
  region size 1024K, 1 young (1024K), 1 survivors (1024K)
 Metaspace       used 93173K, committed 93888K, reserved 1130496K
  class space    used 12677K, committed 12992K, reserved 1048576K
}
Event: 10.057 GC heap before
{Heap before GC invocations=40 (full 0):
 garbage-first heap   total 193536K, used 140459K [0x0000000080000000, 0x0000000100000000)
  region size 1024K, 60 young (61440K), 1 survivors (1024K)
 Metaspace       used 96880K, committed 97600K, reserved 1138688K
  class space    used 13168K, committed 13504K, reserved 1048576K
}
Event: 10.063 GC heap after
{Heap after GC invocations=41 (full 0):
 garbage-first heap   total 193536K, used 85499K [0x0000000080000000, 0x0000000100000000)
  region size 1024K, 6 young (6144K), 6 survivors (6144K)
 Metaspace       used 96880K, committed 97600K, reserved 1138688K
  class space    used 13168K, committed 13504K, reserved 1048576K
}
Event: 10.466 GC heap before
{Heap before GC invocations=42 (full 0):
 garbage-first heap   total 193536K, used 147963K [0x0000000080000000, 0x0000000100000000)
  region size 1024K, 64 young (65536K), 6 survivors (6144K)
 Metaspace       used 97771K, committed 98496K, reserved 1138688K
  class space    used 13255K, committed 13632K, reserved 1048576K
}
Event: 10.470 GC heap after
{Heap after GC invocations=43 (full 0):
 garbage-first heap   total 193536K, used 94826K [0x0000000080000000, 0x0000000100000000)
  region size 1024K, 6 young (6144K), 6 survivors (6144K)
 Metaspace       used 97771K, committed 98496K, reserved 1138688K
  class space    used 13255K, committed 13632K, reserved 1048576K
}
Event: 10.476 GC heap before
{Heap before GC invocations=43 (full 0):
 garbage-first heap   total 193536K, used 97898K [0x0000000080000000, 0x0000000100000000)
  region size 1024K, 9 young (9216K), 6 survivors (6144K)
 Metaspace       used 97777K, committed 98496K, reserved 1138688K
  class space    used 13255K, committed 13632K, reserved 1048576K
}
Event: 10.479 GC heap after
{Heap after GC invocations=44 (full 0):
 garbage-first heap   total 193536K, used 95953K [0x0000000080000000, 0x0000000100000000)
  region size 1024K, 2 young (2048K), 2 survivors (2048K)
 Metaspace       used 97777K, committed 98496K, reserved 1138688K
  class space    used 13255K, committed 13632K, reserved 1048576K
}
Event: 10.505 GC heap before
{Heap before GC invocations=44 (full 0):
 garbage-first heap   total 193536K, used 112337K [0x0000000080000000, 0x0000000100000000)
  region size 1024K, 15 young (15360K), 2 survivors (2048K)
 Metaspace       used 97800K, committed 98560K, reserved 1138688K
  class space    used 13255K, committed 13632K, reserved 1048576K
}
Event: 10.507 GC heap after
{Heap after GC invocations=45 (full 0):
 garbage-first heap   total 193536K, used 102009K [0x0000000080000000, 0x0000000100000000)
  region size 1024K, 4 young (4096K), 4 survivors (4096K)
 Metaspace       used 97800K, committed 98560K, reserved 1138688K
  class space    used 13255K, committed 13632K, reserved 1048576K
}
Event: 10.711 GC heap before
{Heap before GC invocations=45 (full 0):
 garbage-first heap   total 193536K, used 131705K [0x0000000080000000, 0x0000000100000000)
  region size 1024K, 32 young (32768K), 4 survivors (4096K)
 Metaspace       used 101142K, committed 101824K, reserved 1138688K
  class space    used 13713K, committed 14080K, reserved 1048576K
}

