# JRE version: OpenJDK Runtime Environment (17.0.6) (build 17.0.6+0-b2043.56-10027231)
# Java VM: OpenJDK 64-Bit Server VM (17.0.6+0-b2043.56-10027231, mixed mode, tiered, compressed oops, compressed class ptrs, g1 gc, windows-amd64)
GC Precious Log:
 CPUs: 12 total, 12 available
 Memory: 14188M
 Large Page Support: Disabled
 NUMA Support: Disabled
 Compressed Oops: Enabled (32-bit)
 Heap Region Size: 1M
 Heap Min Capacity: 8M
 Heap Initial Capacity: 222M
 Heap Max Capacity: 2G
 Pre-touch: Disabled
 Parallel Workers: 10
 Concurrent Workers: 3
 Concurrent Refinement Workers: 10
 Periodic GC: Disabled
Heap:
 garbage-first heap   total 266240K, used 233202K [0x0000000080000000, 0x0000000100000000)
  region size 1024K, 93 young (95232K), 8 survivors (8192K)
 Metaspace       used 128968K, committed 129920K, reserved 1163264K
  class space    used 17174K, committed 17664K, reserved 1048576K
GC Heap History (20 events):
Event: 9.464 GC heap before
{Heap before GC invocations=38 (full 0):
 garbage-first heap   total 122880K, used 71001K [0x0000000080000000, 0x0000000100000000)
  region size 1024K, 6 young (6144K), 5 survivors (5120K)
 Metaspace       used 89371K, committed 90048K, reserved 1130496K
  class space    used 12155K, committed 12480K, reserved 1048576K
}
Event: 9.466 GC heap after
{Heap after GC invocations=39 (full 0):
 garbage-first heap   total 122880K, used 70215K [0x0000000080000000, 0x0000000100000000)
  region size 1024K, 1 young (1024K), 1 survivors (1024K)
 Metaspace       used 89371K, committed 90048K, reserved 1130496K
  class space    used 12155K, committed 12480K, reserved 1048576K
}
Event: 9.632 GC heap before
{Heap before GC invocations=39 (full 0):
 garbage-first heap   total 122880K, used 99911K [0x0000000080000000, 0x0000000100000000)
  region size 1024K, 30 young (30720K), 1 survivors (1024K)
 Metaspace       used 90365K, committed 90944K, reserved 1130496K
  class space    used 12242K, committed 12544K, reserved 1048576K
}
Event: 9.635 GC heap after
{Heap after GC invocations=40 (full 0):
 garbage-first heap   total 122880K, used 75877K [0x0000000080000000, 0x0000000100000000)
  region size 1024K, 4 young (4096K), 4 survivors (4096K)
 Metaspace       used 90365K, committed 90944K, reserved 1130496K
  class space    used 12242K, committed 12544K, reserved 1048576K
}
Event: 9.954 GC heap before
{Heap before GC invocations=41 (full 0):
 garbage-first heap   total 133120K, used 98405K [0x0000000080000000, 0x0000000100000000)
  region size 1024K, 26 young (26624K), 4 survivors (4096K)
 Metaspace       used 92844K, committed 93504K, reserved 1130496K
  class space    used 12621K, committed 12928K, reserved 1048576K
}
Event: 9.957 GC heap after
{Heap after GC invocations=42 (full 0):
 garbage-first heap   total 133120K, used 78294K [0x0000000080000000, 0x0000000100000000)
  region size 1024K, 3 young (3072K), 3 survivors (3072K)
 Metaspace       used 92844K, committed 93504K, reserved 1130496K
  class space    used 12621K, committed 12928K, reserved 1048576K
}
Event: 9.973 GC heap before
{Heap before GC invocations=42 (full 0):
 garbage-first heap   total 133120K, used 81366K [0x0000000080000000, 0x0000000100000000)
  region size 1024K, 6 young (6144K), 3 survivors (3072K)
 Metaspace       used 93002K, committed 93696K, reserved 1130496K
  class space    used 12675K, committed 12992K, reserved 1048576K
}
Event: 9.975 GC heap after
{Heap after GC invocations=43 (full 0):
 garbage-first heap   total 266240K, used 78388K [0x0000000080000000, 0x0000000100000000)
  region size 1024K, 1 young (1024K), 1 survivors (1024K)
 Metaspace       used 93002K, committed 93696K, reserved 1130496K
  class space    used 12675K, committed 12992K, reserved 1048576K
}
Event: 10.944 GC heap before
{Heap before GC invocations=43 (full 0):
 garbage-first heap   total 266240K, used 207412K [0x0000000080000000, 0x0000000100000000)
  region size 1024K, 128 young (131072K), 1 survivors (1024K)
 Metaspace       used 96382K, committed 97152K, reserved 1138688K
  class space    used 13119K, committed 13504K, reserved 1048576K
}
Event: 10.951 GC heap after
{Heap after GC invocations=44 (full 0):
 garbage-first heap   total 266240K, used 89521K [0x0000000080000000, 0x0000000100000000)
  region size 1024K, 12 young (12288K), 12 survivors (12288K)
 Metaspace       used 96382K, committed 97152K, reserved 1138688K
  class space    used 13119K, committed 13504K, reserved 1048576K
}
Event: 12.594 GC heap before
{Heap before GC invocations=44 (full 0):
 garbage-first heap   total 266240K, used 201137K [0x0000000080000000, 0x0000000100000000)
  region size 1024K, 120 young (122880K), 12 survivors (12288K)
 Metaspace       used 104622K, committed 105344K, reserved 1146880K
  class space    used 14097K, committed 14464K, reserved 1048576K
}
Event: 12.599 GC heap after
{Heap after GC invocations=45 (full 0):
 garbage-first heap   total 266240K, used 95135K [0x0000000080000000, 0x0000000100000000)
  region size 1024K, 5 young (5120K), 5 survivors (5120K)
 Metaspace       used 104622K, committed 105344K, reserved 1146880K
  class space    used 14097K, committed 14464K, reserved 1048576K
}
Event: 14.239 GC heap before
{Heap before GC invocations=45 (full 0):
 garbage-first heap   total 266240K, used 207775K [0x0000000080000000, 0x0000000100000000)
  region size 1024K, 116 young (118784K), 5 survivors (5120K)
 Metaspace       used 120812K, committed 121536K, reserved 1155072K
  class space    used 16519K, committed 16896K, reserved 1048576K
}
Event: 14.246 GC heap after
{Heap after GC invocations=46 (full 0):
 garbage-first heap   total 266240K, used 98510K [0x0000000080000000, 0x0000000100000000)
  region size 1024K, 10 young (10240K), 10 survivors (10240K)
 Metaspace       used 120812K, committed 121536K, reserved 1155072K
  class space    used 16519K, committed 16896K, reserved 1048576K
}
Event: 287.566 GC heap before
{Heap before GC invocations=46 (full 0):
 garbage-first heap   total 266240K, used 235726K [0x0000000080000000, 0x0000000100000000)
  region size 1024K, 122 young (124928K), 10 survivors (10240K)
 Metaspace       used 126801K, committed 127616K, reserved 1163264K
  class space    used 17056K, committed 17472K, reserved 1048576K
}
Event: 287.575 GC heap after
{Heap after GC invocations=47 (full 0):
 garbage-first heap   total 266240K, used 111961K [0x0000000080000000, 0x0000000100000000)
  region size 1024K, 16 young (16384K), 16 survivors (16384K)
 Metaspace       used 126801K, committed 127616K, reserved 1163264K
  class space    used 17056K, committed 17472K, reserved 1048576K
}
Event: 680.010 GC heap before
{Heap before GC invocations=47 (full 0):
 garbage-first heap   total 266240K, used 232793K [0x0000000080000000, 0x0000000100000000)
  region size 1024K, 114 young (116736K), 16 survivors (16384K)
 Metaspace       used 127700K, committed 128576K, reserved 1163264K
  class space    used 17097K, committed 17536K, reserved 1048576K
}
Event: 680.023 GC heap after
{Heap after GC invocations=48 (full 0):
 garbage-first heap   total 266240K, used 117985K [0x0000000080000000, 0x0000000100000000)
  region size 1024K, 10 young (10240K), 10 survivors (10240K)
 Metaspace       used 127700K, committed 128576K, reserved 1163264K
  class space    used 17097K, committed 17536K, reserved 1048576K
}
Event: 681.300 GC heap before
{Heap before GC invocations=48 (full 0):
 garbage-first heap   total 266240K, used 213217K [0x0000000080000000, 0x0000000100000000)
  region size 1024K, 102 young (104448K), 10 survivors (10240K)
 Metaspace       used 128212K, committed 129088K, reserved 1163264K
  class space    used 17103K, committed 17536K, reserved 1048576K
}
Event: 681.306 GC heap after
{Heap after GC invocations=49 (full 0):
 garbage-first heap   total 266240K, used 126706K [0x0000000080000000, 0x0000000100000000)
  region size 1024K, 8 young (8192K), 8 survivors (8192K)
 Metaspace       used 128212K, committed 129088K, reserved 1163264K
  class space    used 17103K, committed 17536K, reserved 1048576K
}

