# JRE version: OpenJDK Runtime Environment (17.0.6) (build 17.0.6+0-b2043.56-10027231)
# Java VM: OpenJDK 64-Bit Server VM (17.0.6+0-b2043.56-10027231, mixed mode, tiered, compressed oops, compressed class ptrs, g1 gc, windows-amd64)
GC Precious Log:
 CPUs: 12 total, 12 available
 Memory: 14188M
 Large Page Support: Disabled
 NUMA Support: Disabled
 Compressed Oops: Enabled (32-bit)
 Heap Region Size: 1M
 Heap Min Capacity: 8M
 Heap Initial Capacity: 222M
 Heap Max Capacity: 2G
 Pre-touch: Disabled
 Parallel Workers: 10
 Concurrent Workers: 3
 Concurrent Refinement Workers: 10
 Periodic GC: Disabled
Heap:
 garbage-first heap   total 227328K, used 133163K [0x0000000080000000, 0x0000000100000000)
  region size 1024K, 5 young (5120K), 5 survivors (5120K)
 Metaspace       used 107430K, committed 108160K, reserved 1146880K
  class space    used 14091K, committed 14464K, reserved 1048576K
GC Heap History (20 events):
Event: 6.874 GC heap after
{Heap after GC invocations=29 (full 0):
 garbage-first heap   total 200704K, used 55690K [0x0000000080000000, 0x0000000100000000)
  region size 1024K, 1 young (1024K), 1 survivors (1024K)
 Metaspace       used 73234K, committed 73792K, reserved 1114112K
  class space    used 9713K, committed 9984K, reserved 1048576K
}
Event: 7.968 GC heap before
{Heap before GC invocations=29 (full 0):
 garbage-first heap   total 200704K, used 138634K [0x0000000080000000, 0x0000000100000000)
  region size 1024K, 82 young (83968K), 1 survivors (1024K)
 Metaspace       used 82040K, committed 82688K, reserved 1122304K
  class space    used 11136K, committed 11456K, reserved 1048576K
}
Event: 7.973 GC heap after
{Heap after GC invocations=30 (full 0):
 garbage-first heap   total 200704K, used 60363K [0x0000000080000000, 0x0000000100000000)
  region size 1024K, 6 young (6144K), 6 survivors (6144K)
 Metaspace       used 82040K, committed 82688K, reserved 1122304K
  class space    used 11136K, committed 11456K, reserved 1048576K
}
Event: 17.026 GC heap before
{Heap before GC invocations=30 (full 0):
 garbage-first heap   total 200704K, used 149451K [0x0000000080000000, 0x0000000100000000)
  region size 1024K, 93 young (95232K), 6 survivors (6144K)
 Metaspace       used 89680K, committed 90304K, reserved 1130496K
  class space    used 11901K, committed 12160K, reserved 1048576K
}
Event: 17.032 GC heap after
{Heap after GC invocations=31 (full 0):
 garbage-first heap   total 200704K, used 67515K [0x0000000080000000, 0x0000000100000000)
  region size 1024K, 12 young (12288K), 12 survivors (12288K)
 Metaspace       used 89680K, committed 90304K, reserved 1130496K
  class space    used 11901K, committed 12160K, reserved 1048576K
}
Event: 17.939 GC heap before
{Heap before GC invocations=31 (full 0):
 garbage-first heap   total 200704K, used 152507K [0x0000000080000000, 0x0000000100000000)
  region size 1024K, 96 young (98304K), 12 survivors (12288K)
 Metaspace       used 96538K, committed 97152K, reserved 1138688K
  class space    used 12867K, committed 13184K, reserved 1048576K
}
Event: 17.949 GC heap after
{Heap after GC invocations=32 (full 0):
 garbage-first heap   total 200704K, used 74190K [0x0000000080000000, 0x0000000100000000)
  region size 1024K, 8 young (8192K), 8 survivors (8192K)
 Metaspace       used 96538K, committed 97152K, reserved 1138688K
  class space    used 12867K, committed 13184K, reserved 1048576K
}
Event: 18.514 GC heap before
{Heap before GC invocations=32 (full 0):
 garbage-first heap   total 200704K, used 155086K [0x0000000080000000, 0x0000000100000000)
  region size 1024K, 88 young (90112K), 8 survivors (8192K)
 Metaspace       used 98710K, committed 99392K, reserved 1138688K
  class space    used 13258K, committed 13568K, reserved 1048576K
}
Event: 18.522 GC heap after
{Heap after GC invocations=33 (full 0):
 garbage-first heap   total 200704K, used 85349K [0x0000000080000000, 0x0000000100000000)
  region size 1024K, 11 young (11264K), 11 survivors (11264K)
 Metaspace       used 98710K, committed 99392K, reserved 1138688K
  class space    used 13258K, committed 13568K, reserved 1048576K
}
Event: 19.398 GC heap before
{Heap before GC invocations=33 (full 0):
 garbage-first heap   total 200704K, used 166245K [0x0000000080000000, 0x0000000100000000)
  region size 1024K, 82 young (83968K), 11 survivors (11264K)
 Metaspace       used 101949K, committed 102720K, reserved 1138688K
  class space    used 13626K, committed 14016K, reserved 1048576K
}
Event: 19.406 GC heap after
{Heap after GC invocations=34 (full 0):
 garbage-first heap   total 200704K, used 100949K [0x0000000080000000, 0x0000000100000000)
  region size 1024K, 11 young (11264K), 11 survivors (11264K)
 Metaspace       used 101949K, committed 102720K, reserved 1138688K
  class space    used 13626K, committed 14016K, reserved 1048576K
}
Event: 20.089 GC heap before
{Heap before GC invocations=34 (full 0):
 garbage-first heap   total 200704K, used 164437K [0x0000000080000000, 0x0000000100000000)
  region size 1024K, 66 young (67584K), 11 survivors (11264K)
 Metaspace       used 102620K, committed 103296K, reserved 1138688K
  class space    used 13673K, committed 14016K, reserved 1048576K
}
Event: 20.099 GC heap after
{Heap after GC invocations=35 (full 0):
 garbage-first heap   total 200704K, used 116316K [0x0000000080000000, 0x0000000100000000)
  region size 1024K, 9 young (9216K), 9 survivors (9216K)
 Metaspace       used 102620K, committed 103296K, reserved 1138688K
  class space    used 13673K, committed 14016K, reserved 1048576K
}
Event: 20.285 GC heap before
{Heap before GC invocations=35 (full 0):
 garbage-first heap   total 200704K, used 174684K [0x0000000080000000, 0x0000000100000000)
  region size 1024K, 50 young (51200K), 9 survivors (9216K)
 Metaspace       used 103045K, committed 103744K, reserved 1138688K
  class space    used 13707K, committed 14080K, reserved 1048576K
}
Event: 20.291 GC heap after
{Heap after GC invocations=36 (full 0):
 garbage-first heap   total 200704K, used 123643K [0x0000000080000000, 0x0000000100000000)
  region size 1024K, 6 young (6144K), 6 survivors (6144K)
 Metaspace       used 103045K, committed 103744K, reserved 1138688K
  class space    used 13707K, committed 14080K, reserved 1048576K
}
Event: 20.536 GC heap before
{Heap before GC invocations=36 (full 0):
 garbage-first heap   total 200704K, used 160507K [0x0000000080000000, 0x0000000100000000)
  region size 1024K, 43 young (44032K), 6 survivors (6144K)
 Metaspace       used 106090K, committed 106816K, reserved 1146880K
  class space    used 13985K, committed 14336K, reserved 1048576K
}
Event: 20.540 GC heap after
{Heap after GC invocations=37 (full 0):
 garbage-first heap   total 200704K, used 127608K [0x0000000080000000, 0x0000000100000000)
  region size 1024K, 4 young (4096K), 4 survivors (4096K)
 Metaspace       used 106090K, committed 106816K, reserved 1146880K
  class space    used 13985K, committed 14336K, reserved 1048576K
}
Event: 20.635 GC heap before
{Heap before GC invocations=37 (full 0):
 garbage-first heap   total 200704K, used 163448K [0x0000000080000000, 0x0000000100000000)
  region size 1024K, 40 young (40960K), 4 survivors (4096K)
 Metaspace       used 106499K, committed 107200K, reserved 1146880K
  class space    used 14013K, committed 14336K, reserved 1048576K
}
Event: 20.638 GC heap after
{Heap after GC invocations=38 (full 0):
 garbage-first heap   total 200704K, used 128658K [0x0000000080000000, 0x0000000100000000)
  region size 1024K, 3 young (3072K), 3 survivors (3072K)
 Metaspace       used 106499K, committed 107200K, reserved 1146880K
  class space    used 14013K, committed 14336K, reserved 1048576K
}
Event: 20.790 GC heap before
{Heap before GC invocations=38 (full 0):
 garbage-first heap   total 200704K, used 164498K [0x0000000080000000, 0x0000000100000000)
  region size 1024K, 39 young (39936K), 3 survivors (3072K)
 Metaspace       used 107430K, committed 108160K, reserved 1146880K
  class space    used 14091K, committed 14464K, reserved 1048576K
}

