# JRE version: OpenJDK Runtime Environment (17.0.6) (build 17.0.6+0-b2043.56-10027231)
# Java VM: OpenJDK 64-Bit Server VM (17.0.6+0-b2043.56-10027231, mixed mode, tiered, compressed oops, compressed class ptrs, g1 gc, windows-amd64)
GC Precious Log:
 CPUs: 12 total, 12 available
 Memory: 14188M
 Large Page Support: Disabled
 NUMA Support: Disabled
 Compressed Oops: Enabled (32-bit)
 Heap Region Size: 1M
 Heap Min Capacity: 8M
 Heap Initial Capacity: 222M
 Heap Max Capacity: 2G
 Pre-touch: Disabled
 Parallel Workers: 10
 Concurrent Workers: 3
 Concurrent Refinement Workers: 10
 Periodic GC: Disabled
Heap:
 garbage-first heap   total 306176K, used 237018K [0x0000000080000000, 0x0000000100000000)
  region size 1024K, 4 young (4096K), 4 survivors (4096K)
 Metaspace       used 122736K, committed 123520K, reserved 1163264K
  class space    used 16540K, committed 16896K, reserved 1048576K
GC Heap History (20 events):
Event: 11.257 GC heap before
{Heap before GC invocations=42 (full 0):
 garbage-first heap   total 155648K, used 116268K [0x0000000080000000, 0x0000000100000000)
  region size 1024K, 35 young (35840K), 4 survivors (4096K)
 Metaspace       used 102208K, committed 102976K, reserved 1138688K
  class space    used 13859K, committed 14272K, reserved 1048576K
}
Event: 11.261 GC heap after
{Heap after GC invocations=43 (full 0):
 garbage-first heap   total 155648K, used 89980K [0x0000000080000000, 0x0000000100000000)
  region size 1024K, 5 young (5120K), 5 survivors (5120K)
 Metaspace       used 102208K, committed 102976K, reserved 1138688K
  class space    used 13859K, committed 14272K, reserved 1048576K
}
Event: 11.309 GC heap before
{Heap before GC invocations=43 (full 0):
 garbage-first heap   total 155648K, used 92028K [0x0000000080000000, 0x0000000100000000)
  region size 1024K, 7 young (7168K), 5 survivors (5120K)
 Metaspace       used 102231K, committed 102976K, reserved 1138688K
  class space    used 13859K, committed 14272K, reserved 1048576K
}
Event: 11.313 GC heap after
{Heap after GC invocations=44 (full 0):
 garbage-first heap   total 155648K, used 89907K [0x0000000080000000, 0x0000000100000000)
  region size 1024K, 1 young (1024K), 1 survivors (1024K)
 Metaspace       used 102231K, committed 102976K, reserved 1138688K
  class space    used 13859K, committed 14272K, reserved 1048576K
}
Event: 11.818 GC heap before
{Heap before GC invocations=44 (full 0):
 garbage-first heap   total 155648K, used 133939K [0x0000000080000000, 0x0000000100000000)
  region size 1024K, 36 young (36864K), 1 survivors (1024K)
 Metaspace       used 102459K, committed 103232K, reserved 1138688K
  class space    used 13871K, committed 14272K, reserved 1048576K
}
Event: 11.825 GC heap after
{Heap after GC invocations=45 (full 0):
 garbage-first heap   total 305152K, used 108874K [0x0000000080000000, 0x0000000100000000)
  region size 1024K, 5 young (5120K), 5 survivors (5120K)
 Metaspace       used 102459K, committed 103232K, reserved 1138688K
  class space    used 13871K, committed 14272K, reserved 1048576K
}
Event: 12.813 GC heap before
{Heap before GC invocations=45 (full 0):
 garbage-first heap   total 305152K, used 235850K [0x0000000080000000, 0x0000000100000000)
  region size 1024K, 105 young (107520K), 5 survivors (5120K)
 Metaspace       used 106486K, committed 107200K, reserved 1146880K
  class space    used 14224K, committed 14592K, reserved 1048576K
}
Event: 12.821 GC heap after
{Heap after GC invocations=46 (full 0):
 garbage-first heap   total 305152K, used 121646K [0x0000000080000000, 0x0000000100000000)
  region size 1024K, 14 young (14336K), 14 survivors (14336K)
 Metaspace       used 106486K, committed 107200K, reserved 1146880K
  class space    used 14224K, committed 14592K, reserved 1048576K
}
Event: 13.155 GC heap before
{Heap before GC invocations=46 (full 0):
 garbage-first heap   total 305152K, used 223022K [0x0000000080000000, 0x0000000100000000)
  region size 1024K, 114 young (116736K), 14 survivors (14336K)
 Metaspace       used 108259K, committed 108992K, reserved 1146880K
  class space    used 14380K, committed 14720K, reserved 1048576K
}
Event: 13.164 GC heap after
{Heap after GC invocations=47 (full 0):
 garbage-first heap   total 305152K, used 127774K [0x0000000080000000, 0x0000000100000000)
  region size 1024K, 10 young (10240K), 10 survivors (10240K)
 Metaspace       used 108259K, committed 108992K, reserved 1146880K
  class space    used 14380K, committed 14720K, reserved 1048576K
}
Event: 13.950 GC heap before
{Heap before GC invocations=47 (full 0):
 garbage-first heap   total 305152K, used 231198K [0x0000000080000000, 0x0000000100000000)
  region size 1024K, 112 young (114688K), 10 survivors (10240K)
 Metaspace       used 111933K, committed 112704K, reserved 1155072K
  class space    used 14861K, committed 15232K, reserved 1048576K
}
Event: 13.956 GC heap after
{Heap after GC invocations=48 (full 0):
 garbage-first heap   total 305152K, used 131452K [0x0000000080000000, 0x0000000100000000)
  region size 1024K, 9 young (9216K), 9 survivors (9216K)
 Metaspace       used 111933K, committed 112704K, reserved 1155072K
  class space    used 14861K, committed 15232K, reserved 1048576K
}
Event: 14.528 GC heap before
{Heap before GC invocations=48 (full 0):
 garbage-first heap   total 305152K, used 246140K [0x0000000080000000, 0x0000000100000000)
  region size 1024K, 111 young (113664K), 9 survivors (9216K)
 Metaspace       used 114913K, committed 115648K, reserved 1155072K
  class space    used 15252K, committed 15616K, reserved 1048576K
}
Event: 14.535 GC heap after
{Heap after GC invocations=49 (full 0):
 garbage-first heap   total 305152K, used 154767K [0x0000000080000000, 0x0000000100000000)
  region size 1024K, 13 young (13312K), 13 survivors (13312K)
 Metaspace       used 114913K, committed 115648K, reserved 1155072K
  class space    used 15252K, committed 15616K, reserved 1048576K
}
Event: 15.077 GC heap before
{Heap before GC invocations=49 (full 0):
 garbage-first heap   total 305152K, used 272527K [0x0000000080000000, 0x0000000100000000)
  region size 1024K, 97 young (99328K), 13 survivors (13312K)
 Metaspace       used 119647K, committed 120448K, reserved 1155072K
  class space    used 16129K, committed 16512K, reserved 1048576K
}
Event: 15.091 GC heap after
{Heap after GC invocations=50 (full 0):
 garbage-first heap   total 306176K, used 186638K [0x0000000080000000, 0x0000000100000000)
  region size 1024K, 13 young (13312K), 13 survivors (13312K)
 Metaspace       used 119647K, committed 120448K, reserved 1155072K
  class space    used 16129K, committed 16512K, reserved 1048576K
}
Event: 15.216 GC heap before
{Heap before GC invocations=50 (full 0):
 garbage-first heap   total 306176K, used 241934K [0x0000000080000000, 0x0000000100000000)
  region size 1024K, 68 young (69632K), 13 survivors (13312K)
 Metaspace       used 119851K, committed 120640K, reserved 1155072K
  class space    used 16130K, committed 16512K, reserved 1048576K
}
Event: 15.237 GC heap after
{Heap after GC invocations=51 (full 0):
 garbage-first heap   total 306176K, used 214016K [0x0000000080000000, 0x0000000100000000)
  region size 1024K, 9 young (9216K), 9 survivors (9216K)
 Metaspace       used 119851K, committed 120640K, reserved 1155072K
  class space    used 16130K, committed 16512K, reserved 1048576K
}
Event: 15.294 GC heap before
{Heap before GC invocations=51 (full 0):
 garbage-first heap   total 306176K, used 246784K [0x0000000080000000, 0x0000000100000000)
  region size 1024K, 41 young (41984K), 9 survivors (9216K)
 Metaspace       used 119916K, committed 120704K, reserved 1155072K
  class space    used 16130K, committed 16512K, reserved 1048576K
}
Event: 15.306 GC heap after
{Heap after GC invocations=52 (full 0):
 garbage-first heap   total 306176K, used 231922K [0x0000000080000000, 0x0000000100000000)
  region size 1024K, 6 young (6144K), 6 survivors (6144K)
 Metaspace       used 119916K, committed 120704K, reserved 1155072K
  class space    used 16130K, committed 16512K, reserved 1048576K
}

