# JRE version: OpenJDK Runtime Environment (17.0.6) (build 17.0.6+0-b2043.56-10027231)
# Java VM: OpenJDK 64-Bit Server VM (17.0.6+0-b2043.56-10027231, mixed mode, tiered, compressed oops, compressed class ptrs, g1 gc, windows-amd64)
GC Precious Log:
 CPUs: 12 total, 12 available
 Memory: 14188M
 Large Page Support: Disabled
 NUMA Support: Disabled
 Compressed Oops: Enabled (32-bit)
 Heap Region Size: 1M
 Heap Min Capacity: 8M
 Heap Initial Capacity: 222M
 Heap Max Capacity: 2G
 Pre-touch: Disabled
 Parallel Workers: 10
 Concurrent Workers: 3
 Concurrent Refinement Workers: 10
 Periodic GC: Disabled
Heap:
 garbage-first heap   total 290816K, used 187545K [0x0000000080000000, 0x0000000100000000)
  region size 1024K, 9 young (9216K), 9 survivors (9216K)
 Metaspace       used 114185K, committed 115008K, reserved 1155072K
  class space    used 15421K, committed 15808K, reserved 1048576K
GC Heap History (20 events):
Event: 10.474 GC heap after
{Heap after GC invocations=40 (full 0):
 garbage-first heap   total 256000K, used 86402K [0x0000000080000000, 0x0000000100000000)
  region size 1024K, 4 young (4096K), 4 survivors (4096K)
 Metaspace       used 96876K, committed 97664K, reserved 1138688K
  class space    used 13174K, committed 13568K, reserved 1048576K
}
Event: 11.603 GC heap before
{Heap before GC invocations=40 (full 0):
 garbage-first heap   total 256000K, used 199042K [0x0000000080000000, 0x0000000100000000)
  region size 1024K, 86 young (88064K), 4 survivors (4096K)
 Metaspace       used 97645K, committed 98368K, reserved 1138688K
  class space    used 13224K, committed 13568K, reserved 1048576K
}
Event: 11.621 GC heap after
{Heap after GC invocations=41 (full 0):
 garbage-first heap   total 256000K, used 118304K [0x0000000080000000, 0x0000000100000000)
  region size 1024K, 15 young (15360K), 15 survivors (15360K)
 Metaspace       used 97645K, committed 98368K, reserved 1138688K
  class space    used 13224K, committed 13568K, reserved 1048576K
}
Event: 12.006 GC heap before
{Heap before GC invocations=41 (full 0):
 garbage-first heap   total 256000K, used 184864K [0x0000000080000000, 0x0000000100000000)
  region size 1024K, 77 young (78848K), 15 survivors (15360K)
 Metaspace       used 101220K, committed 101952K, reserved 1138688K
  class space    used 13546K, committed 13888K, reserved 1048576K
}
Event: 12.015 GC heap after
{Heap after GC invocations=42 (full 0):
 garbage-first heap   total 256000K, used 124125K [0x0000000080000000, 0x0000000100000000)
  region size 1024K, 9 young (9216K), 9 survivors (9216K)
 Metaspace       used 101220K, committed 101952K, reserved 1138688K
  class space    used 13546K, committed 13888K, reserved 1048576K
}
Event: 12.181 GC heap before
{Heap before GC invocations=42 (full 0):
 garbage-first heap   total 256000K, used 187613K [0x0000000080000000, 0x0000000100000000)
  region size 1024K, 72 young (73728K), 9 survivors (9216K)
 Metaspace       used 102316K, committed 103040K, reserved 1138688K
  class space    used 13643K, committed 13952K, reserved 1048576K
}
Event: 12.183 GC heap after
{Heap after GC invocations=43 (full 0):
 garbage-first heap   total 256000K, used 122249K [0x0000000080000000, 0x0000000100000000)
  region size 1024K, 3 young (3072K), 3 survivors (3072K)
 Metaspace       used 102316K, committed 103040K, reserved 1138688K
  class space    used 13643K, committed 13952K, reserved 1048576K
}
Event: 12.515 GC heap before
{Heap before GC invocations=43 (full 0):
 garbage-first heap   total 256000K, used 191881K [0x0000000080000000, 0x0000000100000000)
  region size 1024K, 72 young (73728K), 3 survivors (3072K)
 Metaspace       used 104769K, committed 105472K, reserved 1146880K
  class space    used 13961K, committed 14272K, reserved 1048576K
}
Event: 12.519 GC heap after
{Heap after GC invocations=44 (full 0):
 garbage-first heap   total 256000K, used 126160K [0x0000000080000000, 0x0000000100000000)
  region size 1024K, 7 young (7168K), 7 survivors (7168K)
 Metaspace       used 104769K, committed 105472K, reserved 1146880K
  class space    used 13961K, committed 14272K, reserved 1048576K
}
Event: 12.870 GC heap before
{Heap before GC invocations=44 (full 0):
 garbage-first heap   total 256000K, used 196816K [0x0000000080000000, 0x0000000100000000)
  region size 1024K, 77 young (78848K), 7 survivors (7168K)
 Metaspace       used 106128K, committed 106880K, reserved 1146880K
  class space    used 14116K, committed 14464K, reserved 1048576K
}
Event: 12.874 GC heap after
{Heap after GC invocations=45 (full 0):
 garbage-first heap   total 256000K, used 131073K [0x0000000080000000, 0x0000000100000000)
  region size 1024K, 10 young (10240K), 10 survivors (10240K)
 Metaspace       used 106128K, committed 106880K, reserved 1146880K
  class space    used 14116K, committed 14464K, reserved 1048576K
}
Event: 13.109 GC heap before
{Heap before GC invocations=45 (full 0):
 garbage-first heap   total 256000K, used 211969K [0x0000000080000000, 0x0000000100000000)
  region size 1024K, 79 young (80896K), 10 survivors (10240K)
 Metaspace       used 108299K, committed 109120K, reserved 1146880K
  class space    used 14400K, committed 14784K, reserved 1048576K
}
Event: 13.117 GC heap after
{Heap after GC invocations=46 (full 0):
 garbage-first heap   total 256000K, used 152461K [0x0000000080000000, 0x0000000100000000)
  region size 1024K, 10 young (10240K), 10 survivors (10240K)
 Metaspace       used 108299K, committed 109120K, reserved 1146880K
  class space    used 14400K, committed 14784K, reserved 1048576K
}
Event: 13.281 GC heap before
{Heap before GC invocations=46 (full 0):
 garbage-first heap   total 256000K, used 221069K [0x0000000080000000, 0x0000000100000000)
  region size 1024K, 62 young (63488K), 10 survivors (10240K)
 Metaspace       used 111020K, committed 111808K, reserved 1146880K
  class space    used 14787K, committed 15168K, reserved 1048576K
}
Event: 13.286 GC heap after
{Heap after GC invocations=47 (full 0):
 garbage-first heap   total 256000K, used 168702K [0x0000000080000000, 0x0000000100000000)
  region size 1024K, 6 young (6144K), 6 survivors (6144K)
 Metaspace       used 111020K, committed 111808K, reserved 1146880K
  class space    used 14787K, committed 15168K, reserved 1048576K
}
Event: 13.504 GC heap before
{Heap before GC invocations=48 (full 0):
 garbage-first heap   total 290816K, used 210686K [0x0000000080000000, 0x0000000100000000)
  region size 1024K, 51 young (52224K), 6 survivors (6144K)
 Metaspace       used 111395K, committed 112128K, reserved 1146880K
  class space    used 14846K, committed 15232K, reserved 1048576K
}
Event: 13.512 GC heap after
{Heap after GC invocations=49 (full 0):
 garbage-first heap   total 290816K, used 168915K [0x0000000080000000, 0x0000000100000000)
  region size 1024K, 7 young (7168K), 7 survivors (7168K)
 Metaspace       used 111395K, committed 112128K, reserved 1146880K
  class space    used 14846K, committed 15232K, reserved 1048576K
}
Event: 13.548 GC heap before
{Heap before GC invocations=49 (full 0):
 garbage-first heap   total 290816K, used 176083K [0x0000000080000000, 0x0000000100000000)
  region size 1024K, 14 young (14336K), 7 survivors (7168K)
 Metaspace       used 111926K, committed 112704K, reserved 1146880K
  class space    used 14936K, committed 15296K, reserved 1048576K
}
Event: 13.553 GC heap after
{Heap after GC invocations=50 (full 0):
 garbage-first heap   total 290816K, used 158898K [0x0000000080000000, 0x0000000100000000)
  region size 1024K, 2 young (2048K), 2 survivors (2048K)
 Metaspace       used 111926K, committed 112704K, reserved 1146880K
  class space    used 14936K, committed 15296K, reserved 1048576K
}
Event: 13.724 GC heap before
{Heap before GC invocations=50 (full 0):
 garbage-first heap   total 290816K, used 224434K [0x0000000080000000, 0x0000000100000000)
  region size 1024K, 67 young (68608K), 2 survivors (2048K)
 Metaspace       used 114185K, committed 115008K, reserved 1155072K
  class space    used 15421K, committed 15808K, reserved 1048576K
}

