# JRE version: OpenJDK Runtime Environment (17.0.6) (build 17.0.6+0-b2043.56-10027231)
# Java VM: OpenJDK 64-Bit Server VM (17.0.6+0-b2043.56-10027231, mixed mode, tiered, compressed oops, compressed class ptrs, g1 gc, windows-amd64)
GC Precious Log:
 CPUs: 12 total, 12 available
 Memory: 14188M
 Large Page Support: Disabled
 NUMA Support: Disabled
 Compressed Oops: Enabled (32-bit)
 Heap Region Size: 1M
 Heap Min Capacity: 8M
 Heap Initial Capacity: 222M
 Heap Max Capacity: 2G
 Pre-touch: Disabled
 Parallel Workers: 10
 Concurrent Workers: 3
 Concurrent Refinement Workers: 10
 Periodic GC: Disabled
Heap:
 garbage-first heap   total 186368K, used 86149K [0x0000000080000000, 0x0000000100000000)
  region size 1024K, 3 young (3072K), 3 survivors (3072K)
 Metaspace       used 67691K, committed 68352K, reserved 1114112K
  class space    used 9003K, committed 9280K, reserved 1048576K
GC Heap History (20 events):
Event: 7.336 GC heap after
{Heap after GC invocations=16 (full 0):
 garbage-first heap   total 106496K, used 59430K [0x0000000080000000, 0x0000000100000000)
  region size 1024K, 3 young (3072K), 3 survivors (3072K)
 Metaspace       used 46611K, committed 47040K, reserved 1089536K
  class space    used 6186K, committed 6400K, reserved 1048576K
}
Event: 7.536 GC heap before
{Heap before GC invocations=17 (full 0):
 garbage-first heap   total 114688K, used 82982K [0x0000000080000000, 0x0000000100000000)
  region size 1024K, 22 young (22528K), 3 survivors (3072K)
 Metaspace       used 47949K, committed 48384K, reserved 1097728K
  class space    used 6351K, committed 6528K, reserved 1048576K
}
Event: 7.541 GC heap after
{Heap after GC invocations=18 (full 0):
 garbage-first heap   total 114688K, used 69023K [0x0000000080000000, 0x0000000100000000)
  region size 1024K, 4 young (4096K), 4 survivors (4096K)
 Metaspace       used 47949K, committed 48384K, reserved 1097728K
  class space    used 6351K, committed 6528K, reserved 1048576K
}
Event: 7.762 GC heap before
{Heap before GC invocations=19 (full 0):
 garbage-first heap   total 121856K, used 90527K [0x0000000080000000, 0x0000000100000000)
  region size 1024K, 24 young (24576K), 4 survivors (4096K)
 Metaspace       used 49733K, committed 50240K, reserved 1097728K
  class space    used 6519K, committed 6720K, reserved 1048576K
}
Event: 7.764 GC heap after
{Heap after GC invocations=20 (full 0):
 garbage-first heap   total 121856K, used 70100K [0x0000000080000000, 0x0000000100000000)
  region size 1024K, 2 young (2048K), 2 survivors (2048K)
 Metaspace       used 49733K, committed 50240K, reserved 1097728K
  class space    used 6519K, committed 6720K, reserved 1048576K
}
Event: 7.808 GC heap before
{Heap before GC invocations=20 (full 0):
 garbage-first heap   total 121856K, used 73172K [0x0000000080000000, 0x0000000100000000)
  region size 1024K, 5 young (5120K), 2 survivors (2048K)
 Metaspace       used 50143K, committed 50752K, reserved 1097728K
  class space    used 6603K, committed 6848K, reserved 1048576K
}
Event: 7.809 GC heap after
{Heap after GC invocations=21 (full 0):
 garbage-first heap   total 146432K, used 70239K [0x0000000080000000, 0x0000000100000000)
  region size 1024K, 1 young (1024K), 1 survivors (1024K)
 Metaspace       used 50143K, committed 50752K, reserved 1097728K
  class space    used 6603K, committed 6848K, reserved 1048576K
}
Event: 8.242 GC heap before
{Heap before GC invocations=21 (full 0):
 garbage-first heap   total 146432K, used 106079K [0x0000000080000000, 0x0000000100000000)
  region size 1024K, 36 young (36864K), 1 survivors (1024K)
 Metaspace       used 54436K, committed 55040K, reserved 1097728K
  class space    used 7344K, committed 7616K, reserved 1048576K
}
Event: 8.244 GC heap after
{Heap after GC invocations=22 (full 0):
 garbage-first heap   total 146432K, used 72517K [0x0000000080000000, 0x0000000100000000)
  region size 1024K, 3 young (3072K), 3 survivors (3072K)
 Metaspace       used 54436K, committed 55040K, reserved 1097728K
  class space    used 7344K, committed 7616K, reserved 1048576K
}
Event: 8.674 GC heap before
{Heap before GC invocations=23 (full 0):
 garbage-first heap   total 146432K, used 109381K [0x0000000080000000, 0x0000000100000000)
  region size 1024K, 39 young (39936K), 3 survivors (3072K)
 Metaspace       used 56211K, committed 56896K, reserved 1105920K
  class space    used 7567K, committed 7872K, reserved 1048576K
}
Event: 8.677 GC heap after
{Heap after GC invocations=24 (full 0):
 garbage-first heap   total 146432K, used 75092K [0x0000000080000000, 0x0000000100000000)
  region size 1024K, 5 young (5120K), 5 survivors (5120K)
 Metaspace       used 56211K, committed 56896K, reserved 1105920K
  class space    used 7567K, committed 7872K, reserved 1048576K
}
Event: 8.705 GC heap before
{Heap before GC invocations=24 (full 0):
 garbage-first heap   total 146432K, used 76116K [0x0000000080000000, 0x0000000100000000)
  region size 1024K, 7 young (7168K), 5 survivors (5120K)
 Metaspace       used 56234K, committed 56896K, reserved 1105920K
  class space    used 7567K, committed 7872K, reserved 1048576K
}
Event: 8.708 GC heap after
{Heap after GC invocations=25 (full 0):
 garbage-first heap   total 146432K, used 75187K [0x0000000080000000, 0x0000000100000000)
  region size 1024K, 1 young (1024K), 1 survivors (1024K)
 Metaspace       used 56234K, committed 56896K, reserved 1105920K
  class space    used 7567K, committed 7872K, reserved 1048576K
}
Event: 8.729 GC heap before
{Heap before GC invocations=25 (full 0):
 garbage-first heap   total 146432K, used 76211K [0x0000000080000000, 0x0000000100000000)
  region size 1024K, 3 young (3072K), 1 survivors (1024K)
 Metaspace       used 56256K, committed 56960K, reserved 1105920K
  class space    used 7567K, committed 7872K, reserved 1048576K
}
Event: 8.730 GC heap after
{Heap after GC invocations=26 (full 0):
 garbage-first heap   total 146432K, used 74819K [0x0000000080000000, 0x0000000100000000)
  region size 1024K, 1 young (1024K), 1 survivors (1024K)
 Metaspace       used 56256K, committed 56960K, reserved 1105920K
  class space    used 7567K, committed 7872K, reserved 1048576K
}
Event: 9.087 GC heap before
{Heap before GC invocations=27 (full 0):
 garbage-first heap   total 146432K, used 117827K [0x0000000080000000, 0x0000000100000000)
  region size 1024K, 39 young (39936K), 1 survivors (1024K)
 Metaspace       used 60869K, committed 61504K, reserved 1105920K
  class space    used 8153K, committed 8448K, reserved 1048576K
}
Event: 9.089 GC heap after
{Heap after GC invocations=28 (full 0):
 garbage-first heap   total 146432K, used 83469K [0x0000000080000000, 0x0000000100000000)
  region size 1024K, 5 young (5120K), 5 survivors (5120K)
 Metaspace       used 60869K, committed 61504K, reserved 1105920K
  class space    used 8153K, committed 8448K, reserved 1048576K
}
Event: 9.106 GC heap before
{Heap before GC invocations=28 (full 0):
 garbage-first heap   total 146432K, used 85517K [0x0000000080000000, 0x0000000100000000)
  region size 1024K, 7 young (7168K), 5 survivors (5120K)
 Metaspace       used 61262K, committed 61952K, reserved 1105920K
  class space    used 8201K, committed 8512K, reserved 1048576K
}
Event: 9.109 GC heap after
{Heap after GC invocations=29 (full 0):
 garbage-first heap   total 146432K, used 83368K [0x0000000080000000, 0x0000000100000000)
  region size 1024K, 1 young (1024K), 1 survivors (1024K)
 Metaspace       used 61262K, committed 61952K, reserved 1105920K
  class space    used 8201K, committed 8512K, reserved 1048576K
}
Event: 9.543 GC heap before
{Heap before GC invocations=29 (full 0):
 garbage-first heap   total 146432K, used 117160K [0x0000000080000000, 0x0000000100000000)
  region size 1024K, 34 young (34816K), 1 survivors (1024K)
 Metaspace       used 67691K, committed 68352K, reserved 1114112K
  class space    used 9003K, committed 9280K, reserved 1048576K
}

