# JRE version: OpenJDK Runtime Environment (17.0.6) (build 17.0.6+0-b2043.56-10027231)
# Java VM: OpenJDK 64-Bit Server VM (17.0.6+0-b2043.56-10027231, mixed mode, tiered, compressed oops, compressed class ptrs, g1 gc, windows-amd64)
GC Precious Log:
 CPUs: 12 total, 12 available
 Memory: 14188M
 Large Page Support: Disabled
 NUMA Support: Disabled
 Compressed Oops: Enabled (32-bit)
 Heap Region Size: 1M
 Heap Min Capacity: 8M
 Heap Initial Capacity: 222M
 Heap Max Capacity: 2G
 Pre-touch: Disabled
 Parallel Workers: 10
 Concurrent Workers: 3
 Concurrent Refinement Workers: 10
 Periodic GC: Disabled
Heap:
 garbage-first heap   total 355328K, used 245882K [0x0000000080000000, 0x0000000100000000)
  region size 1024K, 68 young (69632K), 17 survivors (17408K)
 Metaspace       used 113936K, committed 114688K, reserved 1155072K
  class space    used 15386K, committed 15744K, reserved 1048576K
GC Heap History (20 events):
Event: 9.312 GC heap before
{Heap before GC invocations=35 (full 0):
 garbage-first heap   total 130048K, used 81556K [0x0000000080000000, 0x0000000100000000)
  region size 1024K, 6 young (6144K), 3 survivors (3072K)
 Metaspace       used 92989K, committed 93632K, reserved 1130496K
  class space    used 12701K, committed 12992K, reserved 1048576K
}
Event: 9.315 GC heap after
{Heap after GC invocations=36 (full 0):
 garbage-first heap   total 130048K, used 78714K [0x0000000080000000, 0x0000000100000000)
  region size 1024K, 1 young (1024K), 1 survivors (1024K)
 Metaspace       used 92989K, committed 93632K, reserved 1130496K
  class space    used 12701K, committed 12992K, reserved 1048576K
}
Event: 9.432 GC heap before
{Heap before GC invocations=36 (full 0):
 garbage-first heap   total 130048K, used 103290K [0x0000000080000000, 0x0000000100000000)
  region size 1024K, 26 young (26624K), 1 survivors (1024K)
 Metaspace       used 93109K, committed 93760K, reserved 1130496K
  class space    used 12702K, committed 12992K, reserved 1048576K
}
Event: 9.435 GC heap after
{Heap after GC invocations=37 (full 0):
 garbage-first heap   total 218112K, used 81136K [0x0000000080000000, 0x0000000100000000)
  region size 1024K, 4 young (4096K), 4 survivors (4096K)
 Metaspace       used 93109K, committed 93760K, reserved 1130496K
  class space    used 12702K, committed 12992K, reserved 1048576K
}
Event: 10.814 GC heap before
{Heap before GC invocations=38 (full 0):
 garbage-first heap   total 218112K, used 169200K [0x0000000080000000, 0x0000000100000000)
  region size 1024K, 82 young (83968K), 4 survivors (4096K)
 Metaspace       used 96320K, committed 97024K, reserved 1138688K
  class space    used 13075K, committed 13440K, reserved 1048576K
}
Event: 10.824 GC heap after
{Heap after GC invocations=39 (full 0):
 garbage-first heap   total 218112K, used 100446K [0x0000000080000000, 0x0000000100000000)
  region size 1024K, 11 young (11264K), 11 survivors (11264K)
 Metaspace       used 96320K, committed 97024K, reserved 1138688K
  class space    used 13075K, committed 13440K, reserved 1048576K
}
Event: 10.849 GC heap before
{Heap before GC invocations=39 (full 0):
 garbage-first heap   total 218112K, used 101470K [0x0000000080000000, 0x0000000100000000)
  region size 1024K, 12 young (12288K), 11 survivors (11264K)
 Metaspace       used 96327K, committed 97024K, reserved 1138688K
  class space    used 13075K, committed 13440K, reserved 1048576K
}
Event: 10.855 GC heap after
{Heap after GC invocations=40 (full 0):
 garbage-first heap   total 218112K, used 101373K [0x0000000080000000, 0x0000000100000000)
  region size 1024K, 2 young (2048K), 2 survivors (2048K)
 Metaspace       used 96327K, committed 97024K, reserved 1138688K
  class space    used 13075K, committed 13440K, reserved 1048576K
}
Event: 11.668 GC heap before
{Heap before GC invocations=40 (full 0):
 garbage-first heap   total 218112K, used 189437K [0x0000000080000000, 0x0000000100000000)
  region size 1024K, 63 young (64512K), 2 survivors (2048K)
 Metaspace       used 97346K, committed 98048K, reserved 1138688K
  class space    used 13167K, committed 13504K, reserved 1048576K
}
Event: 11.674 GC heap after
{Heap after GC invocations=41 (full 0):
 garbage-first heap   total 218112K, used 110592K [0x0000000080000000, 0x0000000100000000)
  region size 1024K, 8 young (8192K), 8 survivors (8192K)
 Metaspace       used 97346K, committed 98048K, reserved 1138688K
  class space    used 13167K, committed 13504K, reserved 1048576K
}
Event: 11.945 GC heap before
{Heap before GC invocations=41 (full 0):
 garbage-first heap   total 218112K, used 165888K [0x0000000080000000, 0x0000000100000000)
  region size 1024K, 63 young (64512K), 8 survivors (8192K)
 Metaspace       used 100622K, committed 101312K, reserved 1138688K
  class space    used 13480K, committed 13824K, reserved 1048576K
}
Event: 11.952 GC heap after
{Heap after GC invocations=42 (full 0):
 garbage-first heap   total 218112K, used 119178K [0x0000000080000000, 0x0000000100000000)
  region size 1024K, 8 young (8192K), 8 survivors (8192K)
 Metaspace       used 100622K, committed 101312K, reserved 1138688K
  class space    used 13480K, committed 13824K, reserved 1048576K
}
Event: 12.111 GC heap before
{Heap before GC invocations=42 (full 0):
 garbage-first heap   total 218112K, used 170378K [0x0000000080000000, 0x0000000100000000)
  region size 1024K, 58 young (59392K), 8 survivors (8192K)
 Metaspace       used 101272K, committed 101888K, reserved 1138688K
  class space    used 13514K, committed 13824K, reserved 1048576K
}
Event: 12.114 GC heap after
{Heap after GC invocations=43 (full 0):
 garbage-first heap   total 218112K, used 122519K [0x0000000080000000, 0x0000000100000000)
  region size 1024K, 3 young (3072K), 3 survivors (3072K)
 Metaspace       used 101272K, committed 101888K, reserved 1138688K
  class space    used 13514K, committed 13824K, reserved 1048576K
}
Event: 12.264 GC heap before
{Heap before GC invocations=43 (full 0):
 garbage-first heap   total 218112K, used 173719K [0x0000000080000000, 0x0000000100000000)
  region size 1024K, 54 young (55296K), 3 survivors (3072K)
 Metaspace       used 102892K, committed 103552K, reserved 1138688K
  class space    used 13725K, committed 14080K, reserved 1048576K
}
Event: 12.268 GC heap after
{Heap after GC invocations=44 (full 0):
 garbage-first heap   total 218112K, used 129157K [0x0000000080000000, 0x0000000100000000)
  region size 1024K, 7 young (7168K), 7 survivors (7168K)
 Metaspace       used 102892K, committed 103552K, reserved 1138688K
  class space    used 13725K, committed 14080K, reserved 1048576K
}
Event: 12.596 GC heap before
{Heap before GC invocations=44 (full 0):
 garbage-first heap   total 218112K, used 174213K [0x0000000080000000, 0x0000000100000000)
  region size 1024K, 52 young (53248K), 7 survivors (7168K)
 Metaspace       used 104595K, committed 105280K, reserved 1146880K
  class space    used 13943K, committed 14272K, reserved 1048576K
}
Event: 12.600 GC heap after
{Heap after GC invocations=45 (full 0):
 garbage-first heap   total 355328K, used 130165K [0x0000000080000000, 0x0000000100000000)
  region size 1024K, 4 young (4096K), 4 survivors (4096K)
 Metaspace       used 104595K, committed 105280K, reserved 1146880K
  class space    used 13943K, committed 14272K, reserved 1048576K
}
Event: 13.137 GC heap before
{Heap before GC invocations=45 (full 0):
 garbage-first heap   total 355328K, used 281717K [0x0000000080000000, 0x0000000100000000)
  region size 1024K, 142 young (145408K), 4 survivors (4096K)
 Metaspace       used 109389K, committed 110208K, reserved 1146880K
  class space    used 14569K, committed 14976K, reserved 1048576K
}
Event: 13.143 GC heap after
{Heap after GC invocations=46 (full 0):
 garbage-first heap   total 355328K, used 156746K [0x0000000080000000, 0x0000000100000000)
  region size 1024K, 18 young (18432K), 18 survivors (18432K)
 Metaspace       used 109389K, committed 110208K, reserved 1146880K
  class space    used 14569K, committed 14976K, reserved 1048576K
}

